{"target": -113.54118244272117, "params": {"max_depth": 274.85793845973507, "max_features": 0.7154741770060471, "min_samples_leaf": 1205.923988767216, "min_samples_split": 545.793416630903, "n_estimators": 42.941825134551564}, "datetime": {"datetime": "2023-05-09 09:52:05", "elapsed": 0.0, "delta": 0.0}}
{"target": -115.64580617489943, "params": {"max_depth": 323.3011624202614, "max_features": 0.4381496240514298, "min_samples_leaf": 1783.6542285633775, "min_samples_split": 963.7354349800272, "n_estimators": 38.96071036375199}, "datetime": {"datetime": "2023-05-09 09:52:06", "elapsed": 0.431245, "delta": 0.431245}}
{"target": -116.06086813520186, "params": {"max_depth": 396.0707940032496, "max_features": 0.5293660248331515, "min_samples_leaf": 1136.5210776267706, "min_samples_split": 925.7454450160757, "n_estimators": 8.032569761590807}, "datetime": {"datetime": "2023-05-09 09:52:06", "elapsed": 0.62182, "delta": 0.190575}}
{"target": -152.93492868944722, "params": {"max_depth": 44.477520551068814, "max_features": 0.021198179042885394, "min_samples_leaf": 1665.407071250328, "min_samples_split": 778.6004374479508, "n_estimators": 87.1312026764351}, "datetime": {"datetime": "2023-05-09 09:52:06", "elapsed": 1.178331, "delta": 0.556511}}
{"target": -117.20248075805439, "params": {"max_depth": 489.3305527741492, "max_features": 0.7993594056525068, "min_samples_leaf": 923.4972451436107, "min_samples_split": 780.9681179338826, "n_estimators": 12.709168161024389}, "datetime": {"datetime": "2023-05-09 09:52:07", "elapsed": 1.559195, "delta": 0.380864}}
{"target": -117.68411064787948, "params": {"max_depth": 320.3205896424344, "max_features": 0.14420993412163735, "min_samples_leaf": 1889.393165182118, "min_samples_split": 522.8046251065715, "n_estimators": 42.051532059061834}, "datetime": {"datetime": "2023-05-09 09:52:07", "elapsed": 2.029053, "delta": 0.469858}}
{"target": -120.43612154872923, "params": {"max_depth": 133.01325044020885, "max_features": 0.7744594557447825, "min_samples_leaf": 912.8445141008806, "min_samples_split": 569.2970809709112, "n_estimators": 2.860190243199159}, "datetime": {"datetime": "2023-05-09 09:52:07", "elapsed": 2.172397, "delta": 0.143344}}
{"target": -112.36633445170723, "params": {"max_depth": 309.2001130408627, "max_features": 0.6124836269996989, "min_samples_leaf": 1234.251059752639, "min_samples_split": 943.8605823575949, "n_estimators": 68.50020961124486}, "datetime": {"datetime": "2023-05-09 09:52:08", "elapsed": 3.236535, "delta": 1.064138}}
{"target": -111.0930716279046, "params": {"max_depth": 180.3944423863192, "max_features": 0.4375949218455421, "min_samples_leaf": 1395.5647606586024, "min_samples_split": 62.105020686011294, "n_estimators": 67.0099048291211}, "datetime": {"datetime": "2023-05-09 09:52:09", "elapsed": 4.035287, "delta": 0.798752}}
{"target": -102.49206624099632, "params": {"max_depth": 335.64829693946155, "max_features": 0.21117217851276707, "min_samples_leaf": 258.72366901205174, "min_samples_split": 316.7974942223355, "n_estimators": 37.00736632331964}, "datetime": {"datetime": "2023-05-09 09:52:10", "elapsed": 4.416738, "delta": 0.381451}}
{"target": -118.44275810607331, "params": {"max_depth": 285.52818843852197, "max_features": 0.43916291194885804, "min_samples_leaf": 1976.759302280393, "min_samples_split": 103.84072112653202, "n_estimators": 21.678798853388635}, "datetime": {"datetime": "2023-05-09 09:52:10", "elapsed": 4.682095, "delta": 0.265357}}
{"target": -109.95323405223448, "params": {"max_depth": 81.49344942461313, "max_features": 0.653455217139933, "min_samples_leaf": 507.32991347702443, "min_samples_split": 467.3781513105937, "n_estimators": 25.19813360815867}, "datetime": {"datetime": "2023-05-09 09:52:10", "elapsed": 5.231293, "delta": 0.549198}}
{"target": -138.5762322372645, "params": {"max_depth": 80.32582223911434, "max_features": 0.11126476602314084, "min_samples_leaf": 1313.0028493410816, "min_samples_split": 139.90658544591656, "n_estimators": 20.461653806325295}, "datetime": {"datetime": "2023-05-09 09:52:11", "elapsed": 5.401589, "delta": 0.170296}}
{"target": -121.67249424885624, "params": {"max_depth": 184.99386015982108, "max_features": 0.8211722366180871, "min_samples_leaf": 195.10545031032947, "min_samples_split": 838.2690176838063, "n_estimators": 10.513742381502343}, "datetime": {"datetime": "2023-05-09 09:52:11", "elapsed": 5.758546, "delta": 0.356957}}
{"target": -116.1598171588424, "params": {"max_depth": 488.2532730416845, "max_features": 0.4691825504460539, "min_samples_leaf": 1953.545415292484, "min_samples_split": 605.6358287055559, "n_estimators": 74.18709436043187}, "datetime": {"datetime": "2023-05-09 09:52:12", "elapsed": 6.718827, "delta": 0.960281}}
{"target": -107.3703888328767, "params": {"max_depth": 20.554708334906017, "max_features": 0.28352415561383315, "min_samples_leaf": 241.27292586512465, "min_samples_split": 297.5479171271006, "n_estimators": 12.754044176470162}, "datetime": {"datetime": "2023-05-09 09:52:12", "elapsed": 6.939954, "delta": 0.221127}}
{"target": -100.85830486032594, "params": {"max_depth": 159.67360651759404, "max_features": 0.4148487315201553, "min_samples_leaf": 129.23084520121995, "min_samples_split": 693.0871751312798, "n_estimators": 57.09354396645094}, "datetime": {"datetime": "2023-05-09 09:52:13", "elapsed": 7.918368, "delta": 0.978414}}
{"target": -105.4856948339744, "params": {"max_depth": 133.42935597878326, "max_features": 0.523724805413233, "min_samples_leaf": 188.7870810061249, "min_samples_split": 576.794602565067, "n_estimators": 93.00032356004519}, "datetime": {"datetime": "2023-05-09 09:52:15", "elapsed": 9.753711, "delta": 1.835343}}
{"target": -108.08263483127187, "params": {"max_depth": 159.96590727321052, "max_features": 0.667742969583718, "min_samples_leaf": 264.46392694637996, "min_samples_split": 716.8945497103284, "n_estimators": 29.65120320177291}, "datetime": {"datetime": "2023-05-09 09:52:16", "elapsed": 10.46252, "delta": 0.708809}}
{"target": -183.51391896691447, "params": {"max_depth": 92.4124896415513, "max_features": 0.5869264218752731, "min_samples_leaf": 41.19498482879961, "min_samples_split": 829.2821491589284, "n_estimators": 1.4648521430621595}, "datetime": {"datetime": "2023-05-09 09:52:16", "elapsed": 10.563505, "delta": 0.100985}}
{"target": -110.78128293639513, "params": {"max_depth": 339.23045186131884, "max_features": 0.2707379652189727, "min_samples_leaf": 1470.6528502230672, "min_samples_split": 962.2641680272034, "n_estimators": 25.626561208475845}, "datetime": {"datetime": "2023-05-09 09:52:16", "elapsed": 10.801507, "delta": 0.238002}}
{"target": -111.97393127340628, "params": {"max_depth": 288.5025098745006, "max_features": 0.5924498893405672, "min_samples_leaf": 1144.931559675956, "min_samples_split": 224.63546937533707, "n_estimators": 95.32215214018152}, "datetime": {"datetime": "2023-05-09 09:52:18", "elapsed": 12.316952, "delta": 1.515445}}
{"target": -118.20816318859264, "params": {"max_depth": 224.11556393019606, "max_features": 0.8465622637986567, "min_samples_leaf": 1399.259071359691, "min_samples_split": 298.8420769534234, "n_estimators": 81.56598415054525}, "datetime": {"datetime": "2023-05-09 09:52:19", "elapsed": 14.109103, "delta": 1.792151}}
{"target": -117.58267173190828, "params": {"max_depth": 198.85636468264534, "max_features": 0.8812220939140504, "min_samples_leaf": 1162.9644723990816, "min_samples_split": 881.9718911311431, "n_estimators": 69.56062741769883}, "datetime": {"datetime": "2023-05-09 09:52:21", "elapsed": 16.063953, "delta": 1.95485}}
{"target": -119.23855887204448, "params": {"max_depth": 362.9018856300006, "max_features": 0.5018230575447755, "min_samples_leaf": 1912.2111858117246, "min_samples_split": 644.7022188311781, "n_estimators": 42.96164980725979}, "datetime": {"datetime": "2023-05-09 09:52:22", "elapsed": 16.832499, "delta": 0.768546}}
{"target": -142.5390765493586, "params": {"max_depth": 303.59021384983424, "max_features": 0.02017400511102419, "min_samples_leaf": 603.8480585324241, "min_samples_split": 660.8531904176997, "n_estimators": 29.717683113833964}, "datetime": {"datetime": "2023-05-09 09:52:22", "elapsed": 17.142806, "delta": 0.310307}}
{"target": -101.29359307425472, "params": {"max_depth": 309.38969907042195, "max_features": 0.42933993224482037, "min_samples_leaf": 271.812654380678, "min_samples_split": 299.6857613041187, "n_estimators": 57.42652615942522}, "datetime": {"datetime": "2023-05-09 09:52:23", "elapsed": 18.233132, "delta": 1.090326}}
{"target": -116.46808963500564, "params": {"max_depth": 295.8455078628384, "max_features": 0.5747509236007292, "min_samples_leaf": 1306.7484388944101, "min_samples_split": 652.7990634616855, "n_estimators": 43.710425107963424}, "datetime": {"datetime": "2023-05-09 09:52:24", "elapsed": 19.083386, "delta": 0.850254}}
{"target": -106.33761001544617, "params": {"max_depth": 448.3767513296804, "max_features": 0.36819430817784865, "min_samples_leaf": 872.293985605988, "min_samples_split": 892.1395083056408, "n_estimators": 80.8132049155625}, "datetime": {"datetime": "2023-05-09 09:52:25", "elapsed": 20.127312, "delta": 1.043926}}
{"target": -128.47703610579228, "params": {"max_depth": 352.24040318664277, "max_features": 0.10112666042498882, "min_samples_leaf": 1839.0457448756024, "min_samples_split": 714.8128169500131, "n_estimators": 99.88585365021879}, "datetime": {"datetime": "2023-05-09 09:52:26", "elapsed": 20.721211, "delta": 0.593899}}
{"target": -113.27152954627138, "params": {"max_depth": 75.57470402433889, "max_features": 0.868257931310846, "min_samples_leaf": 325.8233764180733, "min_samples_split": 616.3284451552765, "n_estimators": 13.25817830209471}, "datetime": {"datetime": "2023-05-09 09:52:26", "elapsed": 21.121941, "delta": 0.40073}}
{"target": -116.93041701171252, "params": {"max_depth": 424.15610643179497, "max_features": 0.8075116397662857, "min_samples_leaf": 1138.6323764905721, "min_samples_split": 408.36893063154764, "n_estimators": 7.847532550058666}, "datetime": {"datetime": "2023-05-09 09:52:27", "elapsed": 21.327869, "delta": 0.205928}}
{"target": -111.55075381615903, "params": {"max_depth": 349.01695779913723, "max_features": 0.4540891399953908, "min_samples_leaf": 1444.3891433412255, "min_samples_split": 866.6495612767719, "n_estimators": 97.5766289952857}, "datetime": {"datetime": "2023-05-09 09:52:28", "elapsed": 22.460475, "delta": 1.132606}}
{"target": -137.5361276143255, "params": {"max_depth": 428.0458678539129, "max_features": 0.01270237010081697, "min_samples_leaf": 720.5961508922494, "min_samples_split": 730.5305812992099, "n_estimators": 17.99133804888261}, "datetime": {"datetime": "2023-05-09 09:52:28", "elapsed": 22.608362, "delta": 0.147887}}
{"target": -125.44543344536055, "params": {"max_depth": 260.9972664958605, "max_features": 0.05528365035091438, "min_samples_leaf": 400.79305326790376, "min_samples_split": 20.484750871692743, "n_estimators": 79.57607263238464}, "datetime": {"datetime": "2023-05-09 09:52:28", "elapsed": 23.088066, "delta": 0.479704}}
{"target": -127.1760063699365, "params": {"max_depth": 112.73841934212969, "max_features": 0.3460063290162058, "min_samples_leaf": 1856.2345056377162, "min_samples_split": 705.0055731196857, "n_estimators": 4.152054023599477}, "datetime": {"datetime": "2023-05-09 09:52:28", "elapsed": 23.181714, "delta": 0.093648}}
{"target": -111.90575184542527, "params": {"max_depth": 83.18238409245846, "max_features": 0.6218569230982638, "min_samples_leaf": 1154.879948619731, "min_samples_split": 239.4170357317596, "n_estimators": 93.48718579455458}, "datetime": {"datetime": "2023-05-09 09:52:30", "elapsed": 24.724739, "delta": 1.543025}}
{"target": -111.06151912091714, "params": {"max_depth": 307.3690120269821, "max_features": 0.5360971702219334, "min_samples_leaf": 1180.2300427327873, "min_samples_split": 730.6617854577361, "n_estimators": 31.882554552480585}, "datetime": {"datetime": "2023-05-09 09:52:30", "elapsed": 25.231811, "delta": 0.507072}}
{"target": -101.5333198474631, "params": {"max_depth": 199.71231004582984, "max_features": 0.21063390522614703, "min_samples_leaf": 373.199818754792, "min_samples_split": 944.4836452039657, "n_estimators": 74.21552870987946}, "datetime": {"datetime": "2023-05-09 09:52:31", "elapsed": 25.971242, "delta": 0.739431}}
{"target": -105.49128623478484, "params": {"max_depth": 245.73894550016598, "max_features": 0.22818721334534992, "min_samples_leaf": 509.4586070590155, "min_samples_split": 59.91310200322786, "n_estimators": 44.00724593025396}, "datetime": {"datetime": "2023-05-09 09:52:32", "elapsed": 26.444429, "delta": 0.473187}}
{"target": -117.15693486999797, "params": {"max_depth": 156.58614511505718, "max_features": 0.6966471453266441, "min_samples_leaf": 756.1259267456693, "min_samples_split": 181.24447020451552, "n_estimators": 3.443194110741792}, "datetime": {"datetime": "2023-05-09 09:52:32", "elapsed": 26.588517, "delta": 0.144088}}
{"target": -111.9649693270554, "params": {"max_depth": 34.55756610016104, "max_features": 0.6797133807250687, "min_samples_leaf": 907.9399922675345, "min_samples_split": 537.5060526865047, "n_estimators": 89.77045801099386}, "datetime": {"datetime": "2023-05-09 09:52:33", "elapsed": 28.292563, "delta": 1.704046}}
{"target": -137.99160380612716, "params": {"max_depth": 495.1791347509555, "max_features": 0.21768008741407546, "min_samples_leaf": 1326.4933279971015, "min_samples_split": 264.7957319836763, "n_estimators": 3.0444489471071394}, "datetime": {"datetime": "2023-05-09 09:52:34", "elapsed": 28.369555, "delta": 0.076992}}
{"target": -103.94547442047234, "params": {"max_depth": 379.4309482642346, "max_features": 0.3206971336716454, "min_samples_leaf": 767.544324449624, "min_samples_split": 589.1404793264985, "n_estimators": 83.27379706838285}, "datetime": {"datetime": "2023-05-09 09:52:35", "elapsed": 29.337953, "delta": 0.968398}}
{"target": -115.43692018584566, "params": {"max_depth": 314.86193995198323, "max_features": 0.8727780047919479, "min_samples_leaf": 547.8105275964559, "min_samples_split": 798.4507402447385, "n_estimators": 19.37795848628927}, "datetime": {"datetime": "2023-05-09 09:52:35", "elapsed": 29.89296, "delta": 0.555007}}
{"target": -108.73774456153302, "params": {"max_depth": 476.44303682900033, "max_features": 0.6878007881114274, "min_samples_leaf": 431.79984655000334, "min_samples_split": 947.4758493079464, "n_estimators": 73.35472487024562}, "datetime": {"datetime": "2023-05-09 09:52:37", "elapsed": 31.511812, "delta": 1.618852}}
{"target": -114.72024957681948, "params": {"max_depth": 127.71687965491789, "max_features": 0.2140986653901145, "min_samples_leaf": 1036.883227147396, "min_samples_split": 27.61139261842251, "n_estimators": 21.53953746866983}, "datetime": {"datetime": "2023-05-09 09:52:37", "elapsed": 31.750327, "delta": 0.238515}}
{"target": -106.28440401452667, "params": {"max_depth": 212.91804890700163, "max_features": 0.3747958103538913, "min_samples_leaf": 927.6872733052566, "min_samples_split": 279.07344888214243, "n_estimators": 59.09165029935871}, "datetime": {"datetime": "2023-05-09 09:52:38", "elapsed": 32.528127, "delta": 0.7778}}
{"target": -120.58343370771553, "params": {"max_depth": 432.06394735569245, "max_features": 0.11841432410607106, "min_samples_leaf": 1035.2408352010743, "min_samples_split": 133.803970132463, "n_estimators": 71.96910843806677}, "datetime": {"datetime": "2023-05-09 09:52:38", "elapsed": 33.030526, "delta": 0.502399}}
{"target": -107.18772235073797, "params": {"max_depth": 198.63379170083957, "max_features": 0.5658558905466504, "min_samples_leaf": 367.37639259194316, "min_samples_split": 146.5580638246905, "n_estimators": 49.3175717842465}, "datetime": {"datetime": "2023-05-09 09:52:39", "elapsed": 34.057481, "delta": 1.026955}}
{"target": -104.7465035671003, "params": {"max_depth": 231.58414129242485, "max_features": 0.17254931647845392, "min_samples_leaf": 175.92394913961377, "min_samples_split": 647.7125490549968, "n_estimators": 75.26899428296335}, "datetime": {"datetime": "2023-05-09 09:52:41", "elapsed": 35.334921, "delta": 1.27744}}
{"target": -255.62186438338756, "params": {"max_depth": 190.3832556079178, "max_features": 0.059136883090081846, "min_samples_leaf": 291.46712849722263, "min_samples_split": 286.06618427856614, "n_estimators": 1.0}, "datetime": {"datetime": "2023-05-09 09:52:41", "elapsed": 35.9659, "delta": 0.630979}}
{"target": -114.72024957681948, "params": {"max_depth": 132.32230702909175, "max_features": 0.19038169775096403, "min_samples_leaf": 1036.658950851518, "min_samples_split": 29.217222576095434, "n_estimators": 21.71567435064044}, "datetime": {"datetime": "2023-05-09 09:52:41", "elapsed": 36.279901, "delta": 0.314001}}
{"target": -103.39132824903123, "params": {"max_depth": 168.32609285947967, "max_features": 0.16025707810199985, "min_samples_leaf": 207.85599694126964, "min_samples_split": 658.9855149712535, "n_estimators": 35.942659755824444}, "datetime": {"datetime": "2023-05-09 09:52:42", "elapsed": 37.245901, "delta": 0.966}}
{"target": -114.47852882958165, "params": {"max_depth": 369.8066999332559, "max_features": 0.9228306353433047, "min_samples_leaf": 320.1607301102023, "min_samples_split": 275.20002194730597, "n_estimators": 80.29598886917044}, "datetime": {"datetime": "2023-05-09 09:52:46", "elapsed": 40.338302, "delta": 3.092401}}
{"target": -109.3484566411617, "params": {"max_depth": 427.9734424645782, "max_features": 0.4840317677067473, "min_samples_leaf": 1147.1529635199602, "min_samples_split": 412.8135352756149, "n_estimators": 15.157454451652455}, "datetime": {"datetime": "2023-05-09 09:52:46", "elapsed": 40.703406, "delta": 0.365104}}
{"target": -111.59360833577034, "params": {"max_depth": 164.6108281947669, "max_features": 0.7383722212862781, "min_samples_leaf": 119.99249701080616, "min_samples_split": 621.8143068200143, "n_estimators": 81.97712556514634}, "datetime": {"datetime": "2023-05-09 09:52:49", "elapsed": 43.697105, "delta": 2.993699}}
{"target": -146.13205328489323, "params": {"max_depth": 447.8280608809758, "max_features": 0.001, "min_samples_leaf": 1204.0479899841155, "min_samples_split": 452.6904477033595, "n_estimators": 68.22548440114552}, "datetime": {"datetime": "2023-05-09 09:52:50", "elapsed": 44.877376, "delta": 1.180271}}
{"target": -113.64026538741315, "params": {"max_depth": 90.81385919932734, "max_features": 0.15556413559814977, "min_samples_leaf": 1163.0098439688072, "min_samples_split": 227.72589542508084, "n_estimators": 96.0169034183197}, "datetime": {"datetime": "2023-05-09 09:52:51", "elapsed": 45.598379, "delta": 0.721003}}
{"target": -119.0404692785211, "params": {"max_depth": 164.1093817845707, "max_features": 1.0, "min_samples_leaf": 195.19593433230193, "min_samples_split": 703.5393474409116, "n_estimators": 100.0}, "datetime": {"datetime": "2023-05-09 09:53:00", "elapsed": 54.504616, "delta": 8.906237}}
{"target": -114.13555974610574, "params": {"max_depth": 183.57672311950412, "max_features": 0.6924922587843165, "min_samples_leaf": 173.88067907097735, "min_samples_split": 602.8606291486527, "n_estimators": 6.520197475211431}, "datetime": {"datetime": "2023-05-09 09:53:01", "elapsed": 55.736128, "delta": 1.231512}}
{"target": -117.86418985826991, "params": {"max_depth": 423.9871952978932, "max_features": 0.15226776711006207, "min_samples_leaf": 1146.0102429014414, "min_samples_split": 399.64064166321646, "n_estimators": 18.710937725391073}, "datetime": {"datetime": "2023-05-09 09:53:02", "elapsed": 56.647161, "delta": 0.911033}}
{"target": -105.92229689415346, "params": {"max_depth": 83.21361510229154, "max_features": 0.15729062612306935, "min_samples_leaf": 173.38563330418202, "min_samples_split": 647.9774707876178, "n_estimators": 59.87743912913341}, "datetime": {"datetime": "2023-05-09 09:53:13", "elapsed": 67.467463, "delta": 10.820302}}
{"target": -120.98514521419008, "params": {"max_depth": 177.12000742019342, "max_features": 0.001, "min_samples_leaf": 271.445756169638, "min_samples_split": 606.3434603331611, "n_estimators": 74.23417865726184}, "datetime": {"datetime": "2023-05-09 09:53:23", "elapsed": 78.098625, "delta": 10.631162}}
{"target": -108.25699687857549, "params": {"max_depth": 205.35011524816275, "max_features": 0.6281894854108198, "min_samples_leaf": 364.21523702727956, "min_samples_split": 140.18771432513415, "n_estimators": 53.516939698077465}, "datetime": {"datetime": "2023-05-09 09:53:33", "elapsed": 87.519209, "delta": 9.420584}}
{"target": -109.47863921564868, "params": {"max_depth": 168.86615174773345, "max_features": 0.8130874915413286, "min_samples_leaf": 469.2484632495427, "min_samples_split": 119.40804862243846, "n_estimators": 73.25754064186202}, "datetime": {"datetime": "2023-05-09 09:53:49", "elapsed": 104.252502, "delta": 16.733293}}
{"target": -118.97607190090575, "params": {"max_depth": 342.0025835527614, "max_features": 1.0, "min_samples_leaf": 215.7106392569489, "min_samples_split": 291.72283492253865, "n_estimators": 100.0}, "datetime": {"datetime": "2023-05-09 09:53:56", "elapsed": 110.866227, "delta": 6.613725}}
{"target": -115.3435688466594, "params": {"max_depth": 241.23866524427964, "max_features": 0.8917817756893034, "min_samples_leaf": 122.0074443407273, "min_samples_split": 703.7123739286204, "n_estimators": 38.12402122890931}, "datetime": {"datetime": "2023-05-09 09:53:59", "elapsed": 113.84903, "delta": 2.982803}}
{"target": -119.04632089205826, "params": {"max_depth": 285.6032121390861, "max_features": 0.5304839948680135, "min_samples_leaf": 1984.7109696190064, "min_samples_split": 108.89779605465608, "n_estimators": 26.9432660521532}, "datetime": {"datetime": "2023-05-09 09:54:00", "elapsed": 114.581888, "delta": 0.732858}}
