{"target": -113.81022889642706, "params": {"max_depth": 344.5771285839441, "max_features": 0.8685975999699315, "min_samples_leaf": 299.99151476100064, "min_samples_split": 310.2893694393603, "n_estimators": 98.54374185450797}, "datetime": {"datetime": "2023-05-09 09:58:21", "elapsed": 375.409747, "delta": 3.300883}}
{"target": -107.92717394258716, "params": {"max_depth": 376.90401878168285, "max_features": 0.6890978663080721, "min_samples_leaf": 324.94421255825023, "min_samples_split": 304.3885418492248, "n_estimators": 91.17842048552679}, "datetime": {"datetime": "2023-05-09 09:58:25", "elapsed": 379.918298, "delta": 4.508551}}
{"target": -102.00620785646, "params": {"max_depth": 232.38280637478766, "max_features": 0.38843372300648776, "min_samples_leaf": 368.57603583164115, "min_samples_split": 941.3107253626126, "n_estimators": 81.9187730246946}, "datetime": {"datetime": "2023-05-09 09:58:28", "elapsed": 382.958108, "delta": 3.03981}}
{"target": -126.63372141363057, "params": {"max_depth": 171.72907340562872, "max_features": 0.001, "min_samples_leaf": 223.51393100595953, "min_samples_split": 616.3494178250518, "n_estimators": 30.743155299374585}, "datetime": {"datetime": "2023-05-09 09:58:29", "elapsed": 384.152077, "delta": 1.193969}}
{"target": -111.68020908894927, "params": {"max_depth": 492.0575851527633, "max_features": 0.8447706454376329, "min_samples_leaf": 27.626291693863884, "min_samples_split": 474.00454634156034, "n_estimators": 68.74723317447963}, "datetime": {"datetime": "2023-05-09 09:58:32", "elapsed": 387.273679, "delta": 3.121602}}
{"target": -104.76881746599898, "params": {"max_depth": 168.3156979575728, "max_features": 0.2586681779848069, "min_samples_leaf": 215.22099410821568, "min_samples_split": 680.8874463208932, "n_estimators": 25.45372832382865}, "datetime": {"datetime": "2023-05-09 09:58:33", "elapsed": 388.111315, "delta": 0.837636}}
{"target": -105.82074546157578, "params": {"max_depth": 183.40064932789988, "max_features": 0.17625314423099153, "min_samples_leaf": 220.8630809474065, "min_samples_split": 672.3020407199733, "n_estimators": 25.190883141197336}, "datetime": {"datetime": "2023-05-09 09:58:34", "elapsed": 389.00484, "delta": 0.893525}}
{"target": -129.4076112763965, "params": {"max_depth": 215.20812318596725, "max_features": 0.001, "min_samples_leaf": 373.2945420720524, "min_samples_split": 960.8479479568119, "n_estimators": 91.75729556041345}, "datetime": {"datetime": "2023-05-09 09:58:35", "elapsed": 390.058668, "delta": 1.053828}}
{"target": -102.54014262225262, "params": {"max_depth": 151.44317833750173, "max_features": 0.44193966094370757, "min_samples_leaf": 138.0841034411116, "min_samples_split": 601.7491842303316, "n_estimators": 71.49486355322128}, "datetime": {"datetime": "2023-05-09 09:58:37", "elapsed": 391.93946, "delta": 1.880792}}
{"target": -113.28901679497241, "params": {"max_depth": 349.34075208658663, "max_features": 0.9391579699771311, "min_samples_leaf": 334.9015800624475, "min_samples_split": 283.1475975401392, "n_estimators": 81.10214815642765}, "datetime": {"datetime": "2023-05-09 09:58:43", "elapsed": 397.523305, "delta": 5.583845}}
{"target": -132.07567575901862, "params": {"max_depth": 216.89931363101437, "max_features": 0.001, "min_samples_leaf": 366.2563721656931, "min_samples_split": 925.7752185989956, "n_estimators": 64.87753071278638}, "datetime": {"datetime": "2023-05-09 09:58:44", "elapsed": 398.878422, "delta": 1.355117}}
{"target": -99.98024890342907, "params": {"max_depth": 359.05468409559865, "max_features": 0.20216179856942604, "min_samples_leaf": 285.1688896867578, "min_samples_split": 290.03954492979847, "n_estimators": 96.82554602993105}, "datetime": {"datetime": "2023-05-09 09:58:46", "elapsed": 400.559854, "delta": 1.681432}}
{"target": -103.73278779692907, "params": {"max_depth": 326.46289873215215, "max_features": 0.13956123972170903, "min_samples_leaf": 264.1107540573144, "min_samples_split": 292.92211767165446, "n_estimators": 80.27907562270033}, "datetime": {"datetime": "2023-05-09 09:58:47", "elapsed": 402.171297, "delta": 1.611443}}
{"target": -107.6363350264451, "params": {"max_depth": 199.94337047936511, "max_features": 0.5922945363732456, "min_samples_leaf": 364.4463179191277, "min_samples_split": 879.154608089232, "n_estimators": 94.61425401995626}, "datetime": {"datetime": "2023-05-09 09:58:51", "elapsed": 405.518069, "delta": 3.346772}}
{"target": -127.5707130305296, "params": {"max_depth": 79.7295403146692, "max_features": 0.042712525264153894, "min_samples_leaf": 366.46666462334974, "min_samples_split": 817.9018772263746, "n_estimators": 97.03287920360289}, "datetime": {"datetime": "2023-05-09 09:58:52", "elapsed": 406.995722, "delta": 1.477653}}
{"target": -120.01323447793865, "params": {"max_depth": 495.2588705213884, "max_features": 0.048421783593112305, "min_samples_leaf": 26.526582018305593, "min_samples_split": 424.27272379687554, "n_estimators": 94.88314840477915}, "datetime": {"datetime": "2023-05-09 09:58:54", "elapsed": 408.350421, "delta": 1.354699}}
{"target": -117.51803803248085, "params": {"max_depth": 230.26832031436342, "max_features": 0.9804720199045845, "min_samples_leaf": 169.2404511190106, "min_samples_split": 593.0093895036374, "n_estimators": 96.93007793345433}, "datetime": {"datetime": "2023-05-09 09:58:59", "elapsed": 414.017609, "delta": 5.667188}}
{"target": -108.65398128325654, "params": {"max_depth": 215.62917602651726, "max_features": 0.6072038055392214, "min_samples_leaf": 134.9680415739629, "min_samples_split": 667.1154995212283, "n_estimators": 56.34639696193091}, "datetime": {"datetime": "2023-05-09 09:59:01", "elapsed": 416.060856, "delta": 2.043247}}
{"target": -124.86817315715317, "params": {"max_depth": 230.62167346104857, "max_features": 0.036510365228297176, "min_samples_leaf": 165.40269907669546, "min_samples_split": 668.5887110612119, "n_estimators": 84.56309373927871}, "datetime": {"datetime": "2023-05-09 09:59:03", "elapsed": 417.485778, "delta": 1.424922}}
{"target": -108.24385033891843, "params": {"max_depth": 267.6629399558638, "max_features": 0.5959378368615568, "min_samples_leaf": 515.0377763027196, "min_samples_split": 34.94355770108762, "n_estimators": 71.92991405735103}, "datetime": {"datetime": "2023-05-09 09:59:06", "elapsed": 420.442006, "delta": 2.956228}}
{"target": -102.35702508245853, "params": {"max_depth": 164.5264729767387, "max_features": 0.45074343307708936, "min_samples_leaf": 429.95111465111063, "min_samples_split": 867.9368689949398, "n_estimators": 60.821656156561595}, "datetime": {"datetime": "2023-05-09 09:59:07", "elapsed": 422.273174, "delta": 1.831168}}
{"target": -100.98403695517526, "params": {"max_depth": 269.8128463159592, "max_features": 0.25584375416877037, "min_samples_leaf": 367.635397316193, "min_samples_split": 944.3656742622338, "n_estimators": 84.4713222574863}, "datetime": {"datetime": "2023-05-09 09:59:10", "elapsed": 425.042385, "delta": 2.769211}}
{"target": -108.02324528693106, "params": {"max_depth": 258.75510618782636, "max_features": 0.6227310990969873, "min_samples_leaf": 397.21687123432775, "min_samples_split": 942.6204320664003, "n_estimators": 88.2212553240285}, "datetime": {"datetime": "2023-05-09 09:59:14", "elapsed": 428.463637, "delta": 3.421252}}
{"target": -103.0421703486959, "params": {"max_depth": 363.7795467208189, "max_features": 0.15011171402786108, "min_samples_leaf": 273.36287173836735, "min_samples_split": 304.7670537986554, "n_estimators": 94.10789666085813}, "datetime": {"datetime": "2023-05-09 09:59:15", "elapsed": 430.000172, "delta": 1.536535}}
{"target": -102.45314158053063, "params": {"max_depth": 158.8728678721937, "max_features": 0.25306051958851755, "min_samples_leaf": 403.90931025812574, "min_samples_split": 885.1886311084157, "n_estimators": 45.80172369220218}, "datetime": {"datetime": "2023-05-09 09:59:16", "elapsed": 431.156574, "delta": 1.156402}}
{"target": -106.52707524509205, "params": {"max_depth": 490.0456795459006, "max_features": 0.11930127571220482, "min_samples_leaf": 6.037691103898846, "min_samples_split": 419.9208666006128, "n_estimators": 62.67092824862322}, "datetime": {"datetime": "2023-05-09 09:59:17", "elapsed": 432.277004, "delta": 1.12043}}
{"target": -111.0140244877189, "params": {"max_depth": 348.7836237030868, "max_features": 0.8173004453562258, "min_samples_leaf": 353.16499519765523, "min_samples_split": 338.13743743904325, "n_estimators": 85.1370136586115}, "datetime": {"datetime": "2023-05-09 09:59:21", "elapsed": 435.339778, "delta": 3.062774}}
{"target": -130.81719618949097, "params": {"max_depth": 177.58532070318066, "max_features": 0.001, "min_samples_leaf": 350.9900322096802, "min_samples_split": 875.2599364482464, "n_estimators": 79.57089324931418}, "datetime": {"datetime": "2023-05-09 09:59:22", "elapsed": 436.767148, "delta": 1.42737}}
{"target": -101.88497950328716, "params": {"max_depth": 136.34838824498044, "max_features": 0.38762968032058503, "min_samples_leaf": 430.45552127373776, "min_samples_split": 869.308861666884, "n_estimators": 37.71754141524899}, "datetime": {"datetime": "2023-05-09 09:59:23", "elapsed": 437.878145, "delta": 1.110997}}
{"target": -114.70976932817283, "params": {"max_depth": 273.05413562338134, "max_features": 0.12004920048415785, "min_samples_leaf": 370.6269482373764, "min_samples_split": 972.9800078049315, "n_estimators": 61.94257917587004}, "datetime": {"datetime": "2023-05-09 09:59:24", "elapsed": 439.101876, "delta": 1.223731}}
{"target": -98.6569353129227, "params": {"max_depth": 126.52026250665449, "max_features": 0.36195835366945545, "min_samples_leaf": 171.4235472275068, "min_samples_split": 560.2098731945355, "n_estimators": 75.56705202639594}, "datetime": {"datetime": "2023-05-09 09:59:26", "elapsed": 441.003882, "delta": 1.902006}}
{"target": -116.61697109482803, "params": {"max_depth": 154.88815291543492, "max_features": 0.1094054733958091, "min_samples_leaf": 417.7122105057003, "min_samples_split": 911.143534516741, "n_estimators": 30.293773146464698}, "datetime": {"datetime": "2023-05-09 09:59:27", "elapsed": 441.980219, "delta": 0.976337}}
{"target": -102.13058192791064, "params": {"max_depth": 158.38651704020955, "max_features": 0.2959796719609148, "min_samples_leaf": 434.7908158704004, "min_samples_split": 875.2964936882528, "n_estimators": 40.11702978454456}, "datetime": {"datetime": "2023-05-09 09:59:28", "elapsed": 443.169356, "delta": 1.189137}}
{"target": -101.66463151746478, "params": {"max_depth": 128.45820348210492, "max_features": 0.43133188360465596, "min_samples_leaf": 182.1995985018163, "min_samples_split": 556.3891227776461, "n_estimators": 90.89385126296322}, "datetime": {"datetime": "2023-05-09 09:59:31", "elapsed": 445.45193, "delta": 2.282574}}
{"target": -111.12939913623987, "params": {"max_depth": 156.4595680389614, "max_features": 0.7072816229494219, "min_samples_leaf": 111.66942670303541, "min_samples_split": 689.0078374937583, "n_estimators": 39.43619041390821}, "datetime": {"datetime": "2023-05-09 09:59:33", "elapsed": 447.334324, "delta": 1.882394}}
{"target": -103.10239720933818, "params": {"max_depth": 129.69351277587188, "max_features": 0.18157053071811113, "min_samples_leaf": 162.09207095095994, "min_samples_split": 569.5629829921371, "n_estimators": 98.89590070402195}, "datetime": {"datetime": "2023-05-09 09:59:35", "elapsed": 449.806515, "delta": 2.472191}}
{"target": -102.31154143035693, "params": {"max_depth": 463.6065166690356, "max_features": 0.4039053493964536, "min_samples_leaf": 25.569326428279997, "min_samples_split": 452.9728111456126, "n_estimators": 85.03022332442912}, "datetime": {"datetime": "2023-05-09 09:59:38", "elapsed": 452.492427, "delta": 2.685912}}
{"target": -101.37267390593777, "params": {"max_depth": 494.67656997290334, "max_features": 0.44783817496564426, "min_samples_leaf": 12.223840245755504, "min_samples_split": 384.55924303284917, "n_estimators": 76.36172708288686}, "datetime": {"datetime": "2023-05-09 09:59:40", "elapsed": 454.827612, "delta": 2.335185}}
{"target": -130.4875743956808, "params": {"max_depth": 250.65690527896697, "max_features": 0.001, "min_samples_leaf": 357.4108528303394, "min_samples_split": 955.2368409117256, "n_estimators": 84.5588426195832}, "datetime": {"datetime": "2023-05-09 09:59:42", "elapsed": 456.316294, "delta": 1.488682}}
{"target": -103.77918104067774, "params": {"max_depth": 454.1966399600428, "max_features": 0.4568660486526366, "min_samples_leaf": 27.717587151553023, "min_samples_split": 471.374524636507, "n_estimators": 91.79968597393743}, "datetime": {"datetime": "2023-05-09 09:59:44", "elapsed": 459.281811, "delta": 2.965517}}
{"target": -100.11344657104372, "params": {"max_depth": 208.70671388426825, "max_features": 0.3234218069029052, "min_samples_leaf": 182.687365071399, "min_samples_split": 631.5788828615945, "n_estimators": 88.657742831712}, "datetime": {"datetime": "2023-05-09 09:59:47", "elapsed": 461.600177, "delta": 2.318366}}
{"target": -115.9149891635865, "params": {"max_depth": 425.6452970753398, "max_features": 0.8973412069507422, "min_samples_leaf": 34.595830533616386, "min_samples_split": 455.6525407709365, "n_estimators": 82.4696374651577}, "datetime": {"datetime": "2023-05-09 09:59:51", "elapsed": 465.799969, "delta": 4.199792}}
{"target": -105.05715608602578, "params": {"max_depth": 315.003399220651, "max_features": 0.5093499159907673, "min_samples_leaf": 289.7835604545264, "min_samples_split": 286.3984454670286, "n_estimators": 59.221226334890986}, "datetime": {"datetime": "2023-05-09 09:59:55", "elapsed": 469.982081, "delta": 4.182112}}
{"target": -101.99750166560163, "params": {"max_depth": 167.75533651399942, "max_features": 0.4168265406880016, "min_samples_leaf": 306.5168807769769, "min_samples_split": 889.596523467183, "n_estimators": 100.0}, "datetime": {"datetime": "2023-05-09 09:59:58", "elapsed": 472.746717, "delta": 2.764636}}
{"target": -100.91661140946978, "params": {"max_depth": 492.7314865489636, "max_features": 0.36218211721495364, "min_samples_leaf": 31.18260904925803, "min_samples_split": 382.2415836168357, "n_estimators": 91.82063549139589}, "datetime": {"datetime": "2023-05-09 10:00:00", "elapsed": 475.249171, "delta": 2.502454}}
{"target": -116.44126442318847, "params": {"max_depth": 467.33938054973373, "max_features": 0.9429818328686962, "min_samples_leaf": 21.55172230691022, "min_samples_split": 357.03667316232196, "n_estimators": 75.26812735390413}, "datetime": {"datetime": "2023-05-09 10:00:05", "elapsed": 479.750356, "delta": 4.501185}}
{"target": -106.37554757001915, "params": {"max_depth": 292.14262728904936, "max_features": 0.55878911742315, "min_samples_leaf": 390.7368960455588, "min_samples_split": 935.1773432947302, "n_estimators": 69.69157277280566}, "datetime": {"datetime": "2023-05-09 10:00:07", "elapsed": 482.213564, "delta": 2.463208}}
{"target": -112.4752246742956, "params": {"max_depth": 256.59794647452566, "max_features": 0.8284158577172419, "min_samples_leaf": 372.7497199031961, "min_samples_split": 924.6305223902779, "n_estimators": 97.35866562521973}, "datetime": {"datetime": "2023-05-09 10:00:11", "elapsed": 485.51178, "delta": 3.298216}}
{"target": -101.20794729459149, "params": {"max_depth": 126.07272528558836, "max_features": 0.31703868245308214, "min_samples_leaf": 153.71903515934557, "min_samples_split": 579.3495730364403, "n_estimators": 65.38096042747583}, "datetime": {"datetime": "2023-05-09 10:00:12", "elapsed": 487.075524, "delta": 1.563744}}
{"target": -101.59947436466976, "params": {"max_depth": 141.92465090600916, "max_features": 0.35643577317009406, "min_samples_leaf": 326.83610898728756, "min_samples_split": 895.536440050604, "n_estimators": 92.67078958174673}, "datetime": {"datetime": "2023-05-09 10:00:14", "elapsed": 488.643152, "delta": 1.567628}}
{"target": -103.88277393787557, "params": {"max_depth": 270.1672145525131, "max_features": 0.1408334223728412, "min_samples_leaf": 401.7517736917834, "min_samples_split": 916.7097696938463, "n_estimators": 66.88946213898785}, "datetime": {"datetime": "2023-05-09 10:00:15", "elapsed": 489.929472, "delta": 1.28632}}
{"target": -114.93151955493565, "params": {"max_depth": 6.092147918609026, "max_features": 0.6501334322342391, "min_samples_leaf": 252.819263953206, "min_samples_split": 282.9244367675781, "n_estimators": 6.169013847690059}, "datetime": {"datetime": "2023-05-09 10:00:16", "elapsed": 490.934253, "delta": 1.004781}}
{"target": -132.6350531134376, "params": {"max_depth": 265.5180005073456, "max_features": 0.001, "min_samples_leaf": 378.33439918327167, "min_samples_split": 932.8050107347104, "n_estimators": 66.1147259468361}, "datetime": {"datetime": "2023-05-09 10:00:17", "elapsed": 491.887339, "delta": 0.953086}}
{"target": -109.04270996792356, "params": {"max_depth": 161.616561670509, "max_features": 0.6901248774831878, "min_samples_leaf": 436.0981150788534, "min_samples_split": 898.5890271530557, "n_estimators": 86.23127562319542}, "datetime": {"datetime": "2023-05-09 10:00:19", "elapsed": 494.153391, "delta": 2.266052}}
{"target": -108.79088517379252, "params": {"max_depth": 166.5136267484092, "max_features": 0.6440429113258684, "min_samples_leaf": 130.57446345051116, "min_samples_split": 599.2637871978945, "n_estimators": 49.43416197581247}, "datetime": {"datetime": "2023-05-09 10:00:22", "elapsed": 496.518581, "delta": 2.36519}}
{"target": -112.9167067394804, "params": {"max_depth": 209.56328117773126, "max_features": 0.8072612939446006, "min_samples_leaf": 165.4850631382144, "min_samples_split": 608.6768566339885, "n_estimators": 80.5220490580332}, "datetime": {"datetime": "2023-05-09 10:00:25", "elapsed": 499.347177, "delta": 2.828596}}
{"target": -101.60906328254995, "params": {"max_depth": 123.26781446897472, "max_features": 0.3946881873037833, "min_samples_leaf": 166.93216314609927, "min_samples_split": 601.6197235897473, "n_estimators": 70.40715678134384}, "datetime": {"datetime": "2023-05-09 10:00:26", "elapsed": 501.010468, "delta": 1.663291}}
{"target": -107.54802630772298, "params": {"max_depth": 473.78122066365734, "max_features": 0.609028028510223, "min_samples_leaf": 57.00438821016415, "min_samples_split": 467.8759150534504, "n_estimators": 98.05697529426612}, "datetime": {"datetime": "2023-05-09 10:00:29", "elapsed": 503.674414, "delta": 2.663946}}
{"target": -111.79804649606857, "params": {"max_depth": 121.75752939546338, "max_features": 0.7292520476870484, "min_samples_leaf": 184.15153333856315, "min_samples_split": 580.1021343598773, "n_estimators": 35.13827785441143}, "datetime": {"datetime": "2023-05-09 10:00:30", "elapsed": 505.284193, "delta": 1.609779}}
{"target": -101.35695428494553, "params": {"max_depth": 290.6788013982123, "max_features": 0.2943940960237642, "min_samples_leaf": 418.0031723258124, "min_samples_split": 918.5572203125076, "n_estimators": 82.84490421477739}, "datetime": {"datetime": "2023-05-09 10:00:32", "elapsed": 506.788954, "delta": 1.504761}}
{"target": -102.1544532700067, "params": {"max_depth": 215.4272968551012, "max_features": 0.16034910988503676, "min_samples_leaf": 159.34669394212005, "min_samples_split": 635.1712954877324, "n_estimators": 100.0}, "datetime": {"datetime": "2023-05-09 10:00:33", "elapsed": 508.164766, "delta": 1.375812}}
{"target": -102.5616094222698, "params": {"max_depth": 191.59615127139875, "max_features": 0.42737462634520174, "min_samples_leaf": 317.63274310343536, "min_samples_split": 909.6658587124401, "n_estimators": 96.96990001546777}, "datetime": {"datetime": "2023-05-09 10:00:35", "elapsed": 510.028921, "delta": 1.864155}}
{"target": -116.42372432464445, "params": {"max_depth": 136.09694659840684, "max_features": 0.9252585502319288, "min_samples_leaf": 160.75006989287309, "min_samples_split": 583.7175000181973, "n_estimators": 84.77899563408577}, "datetime": {"datetime": "2023-05-09 10:00:38", "elapsed": 513.071803, "delta": 3.042882}}
{"target": -122.7478876791342, "params": {"max_depth": 129.833972774805, "max_features": 0.04198089407828013, "min_samples_leaf": 165.71077706601034, "min_samples_split": 591.9498439194318, "n_estimators": 50.51850922485311}, "datetime": {"datetime": "2023-05-09 10:00:39", "elapsed": 514.053882, "delta": 0.982079}}
{"target": -112.18030865743921, "params": {"max_depth": 293.6488968503124, "max_features": 0.8526005960462889, "min_samples_leaf": 390.22239293856995, "min_samples_split": 894.2451886117098, "n_estimators": 89.6697162611925}, "datetime": {"datetime": "2023-05-09 10:00:42", "elapsed": 516.66325, "delta": 2.609368}}
{"target": -107.45920160569266, "params": {"max_depth": 104.3363486256576, "max_features": 0.6392141651982494, "min_samples_leaf": 188.1430560657058, "min_samples_split": 560.3046625519349, "n_estimators": 76.50681325395533}, "datetime": {"datetime": "2023-05-09 10:00:44", "elapsed": 519.103192, "delta": 2.439942}}
{"target": -108.53028486507442, "params": {"max_depth": 314.05390977863823, "max_features": 0.6837879945774321, "min_samples_leaf": 272.51857396134324, "min_samples_split": 315.1844860696046, "n_estimators": 94.40493378714093}, "datetime": {"datetime": "2023-05-09 10:00:48", "elapsed": 522.600093, "delta": 3.496901}}
{"target": -107.70494281322416, "params": {"max_depth": 137.22197311150558, "max_features": 0.6532981898985402, "min_samples_leaf": 146.37032551237922, "min_samples_split": 547.3038606349857, "n_estimators": 91.65151243204967}, "datetime": {"datetime": "2023-05-09 10:00:51", "elapsed": 525.736336, "delta": 3.136243}}
{"target": -121.23010558826523, "params": {"max_depth": 100.03043319049011, "max_features": 0.0756222379212493, "min_samples_leaf": 162.33908687958925, "min_samples_split": 552.6630346483969, "n_estimators": 92.16747319077218}, "datetime": {"datetime": "2023-05-09 10:00:52", "elapsed": 527.261763, "delta": 1.525427}}
