{"target": -98.80451912694801, "params": {"max_depth": 484.86113800186894, "max_features": 0.2462680883235024, "min_samples_leaf": 45.9251698696451, "min_samples_split": 459.67835848525544, "n_estimators": 76.83296760113214}, "datetime": {"datetime": "2023-05-09 10:00:54", "elapsed": 528.716109, "delta": 1.454346}}
{"target": -104.58610827460426, "params": {"max_depth": 291.6883155894387, "max_features": 0.4936362106412269, "min_samples_leaf": 409.25307080734336, "min_samples_split": 938.9154126903873, "n_estimators": 93.11095910325743}, "datetime": {"datetime": "2023-05-09 10:00:56", "elapsed": 531.098395, "delta": 2.382286}}
{"target": -105.29078482950017, "params": {"max_depth": 331.78938273012426, "max_features": 0.5471471292764974, "min_samples_leaf": 258.6273675051998, "min_samples_split": 312.0146984528145, "n_estimators": 71.48481302461525}, "datetime": {"datetime": "2023-05-09 10:00:59", "elapsed": 534.105697, "delta": 3.007302}}
{"target": -109.3081342922784, "params": {"max_depth": 174.8681434481724, "max_features": 0.6975897370958273, "min_samples_leaf": 414.39933636510733, "min_samples_split": 891.5294655267221, "n_estimators": 60.48572877032496}, "datetime": {"datetime": "2023-05-09 10:01:02", "elapsed": 536.737124, "delta": 2.631427}}
{"target": -117.60767104986988, "params": {"max_depth": 164.8196474994709, "max_features": 0.9653368694367443, "min_samples_leaf": 451.53275186573984, "min_samples_split": 895.0116308969194, "n_estimators": 59.53845222513395}, "datetime": {"datetime": "2023-05-09 10:01:05", "elapsed": 539.814055, "delta": 3.076931}}
{"target": -118.40861873704078, "params": {"max_depth": 220.70816594465003, "max_features": 1.0, "min_samples_leaf": 130.12964825117893, "min_samples_split": 640.3870609300877, "n_estimators": 100.0}, "datetime": {"datetime": "2023-05-09 10:01:10", "elapsed": 544.558634, "delta": 4.744579}}
{"target": -110.84257049639379, "params": {"max_depth": 489.3528049691072, "max_features": 0.8180447054339235, "min_samples_leaf": 11.3399732911739, "min_samples_split": 461.8656913556935, "n_estimators": 98.6105374835293}, "datetime": {"datetime": "2023-05-09 10:01:14", "elapsed": 548.832684, "delta": 4.27405}}
{"target": -100.42965622428537, "params": {"max_depth": 191.34542282746693, "max_features": 0.24499889072224565, "min_samples_leaf": 289.3812294439924, "min_samples_split": 892.4940562956957, "n_estimators": 88.20981492177528}, "datetime": {"datetime": "2023-05-09 10:01:16", "elapsed": 551.054415, "delta": 2.221731}}
{"target": -109.340291904069, "params": {"max_depth": 160.17964082164886, "max_features": 0.10464105657659452, "min_samples_leaf": 298.33731341589436, "min_samples_split": 915.0448893037508, "n_estimators": 99.46372252359275}, "datetime": {"datetime": "2023-05-09 10:01:18", "elapsed": 552.47207, "delta": 1.417655}}
{"target": -120.35735164866728, "params": {"max_depth": 112.12855699994674, "max_features": 0.001, "min_samples_leaf": 176.6380945484321, "min_samples_split": 583.1110475593871, "n_estimators": 74.82728615349444}, "datetime": {"datetime": "2023-05-09 10:01:19", "elapsed": 553.828219, "delta": 1.356149}}
{"target": -103.2142508069168, "params": {"max_depth": 214.3517533878066, "max_features": 0.48891262838874705, "min_samples_leaf": 297.42666235930784, "min_samples_split": 899.6872769997696, "n_estimators": 77.15109495767173}, "datetime": {"datetime": "2023-05-09 10:01:22", "elapsed": 556.48908, "delta": 2.660861}}
{"target": -112.9160081078891, "params": {"max_depth": 190.5217627250227, "max_features": 0.8054415710720096, "min_samples_leaf": 302.79261733039885, "min_samples_split": 881.2294191855151, "n_estimators": 60.55873906411493}, "datetime": {"datetime": "2023-05-09 10:01:24", "elapsed": 559.250614, "delta": 2.761534}}
{"target": -115.52610197374861, "params": {"max_depth": 296.32348392347063, "max_features": 0.9209672792264941, "min_samples_leaf": 387.8060282094916, "min_samples_split": 948.54766969635, "n_estimators": 94.66505900964987}, "datetime": {"datetime": "2023-05-09 10:01:28", "elapsed": 562.937806, "delta": 3.687192}}
{"target": -101.42572587796522, "params": {"max_depth": 123.15965204029497, "max_features": 0.49291399589926116, "min_samples_leaf": 318.6218123456882, "min_samples_split": 911.1696545699523, "n_estimators": 93.52947612351}, "datetime": {"datetime": "2023-05-09 10:01:31", "elapsed": 565.319118, "delta": 2.381312}}
{"target": -119.60420485848148, "params": {"max_depth": 141.9427998601075, "max_features": 1.0, "min_samples_leaf": 157.7772644861511, "min_samples_split": 555.9815884550383, "n_estimators": 62.36075886416817}, "datetime": {"datetime": "2023-05-09 10:01:34", "elapsed": 568.586033, "delta": 3.266915}}
{"target": -105.71406511658334, "params": {"max_depth": 298.826016079938, "max_features": 0.49828811585318905, "min_samples_leaf": 421.3985341215673, "min_samples_split": 914.7981832604619, "n_estimators": 54.10057809350746}, "datetime": {"datetime": "2023-05-09 10:01:36", "elapsed": 570.845076, "delta": 2.259043}}
{"target": -112.29418465906654, "params": {"max_depth": 137.08280641460647, "max_features": 0.10026990258045784, "min_samples_leaf": 411.14830867035164, "min_samples_split": 878.7813843879021, "n_estimators": 42.7620001244637}, "datetime": {"datetime": "2023-05-09 10:01:37", "elapsed": 571.869454, "delta": 1.024378}}
{"target": -117.20588732287071, "params": {"max_depth": 175.50184535492028, "max_features": 1.0, "min_samples_leaf": 311.20984288366947, "min_samples_split": 901.1116525943432, "n_estimators": 80.42712309201795}, "datetime": {"datetime": "2023-05-09 10:01:40", "elapsed": 574.733906, "delta": 2.864452}}
{"target": -108.41673018164218, "params": {"max_depth": 212.52540756046326, "max_features": 0.6441350401834999, "min_samples_leaf": 277.7643453668254, "min_samples_split": 873.3603174653439, "n_estimators": 74.47096003104475}, "datetime": {"datetime": "2023-05-09 10:01:42", "elapsed": 577.078829, "delta": 2.344923}}
{"target": -123.1072844691909, "params": {"max_depth": 201.65300893426559, "max_features": 0.04325248308946316, "min_samples_leaf": 318.45053737276544, "min_samples_split": 863.2681913005318, "n_estimators": 96.21181948752312}, "datetime": {"datetime": "2023-05-09 10:01:44", "elapsed": 578.318115, "delta": 1.239286}}
{"target": -99.77742728103054, "params": {"max_depth": 352.96835688776423, "max_features": 0.3037115005323894, "min_samples_leaf": 339.5757861920322, "min_samples_split": 316.95806907446774, "n_estimators": 67.88185692805737}, "datetime": {"datetime": "2023-05-09 10:01:45", "elapsed": 579.787371, "delta": 1.469256}}
{"target": -104.76518207706688, "params": {"max_depth": 264.2988719163808, "max_features": 0.5278470685899129, "min_samples_leaf": 438.39799777231826, "min_samples_split": 909.3856113079594, "n_estimators": 68.91721859382204}, "datetime": {"datetime": "2023-05-09 10:01:47", "elapsed": 581.805727, "delta": 2.018356}}
{"target": -100.32159361769088, "params": {"max_depth": 196.91906183687345, "max_features": 0.2973547633733086, "min_samples_leaf": 279.7169229227852, "min_samples_split": 917.751554672571, "n_estimators": 78.37910806950875}, "datetime": {"datetime": "2023-05-09 10:01:49", "elapsed": 583.577879, "delta": 1.772152}}
