{"target": -109.32364361831694, "params": {"max_depth": 160.4795591672646, "max_features": 0.7001485465356972, "min_samples_leaf": 115.10055362611806, "min_samples_split": 635.5122888825987, "n_estimators": 87.60958348747337}, "datetime": {"datetime": "2023-05-09 09:56:11", "elapsed": 246.064674, "delta": 2.260694}}
{"target": -101.29659507480618, "params": {"max_depth": 313.75355300684987, "max_features": 0.3894704184847947, "min_samples_leaf": 254.89793238200062, "min_samples_split": 332.15442159371366, "n_estimators": 94.18824430997995}, "datetime": {"datetime": "2023-05-09 09:56:13", "elapsed": 247.764801, "delta": 1.700127}}
{"target": -102.08428889851187, "params": {"max_depth": 459.33613592117416, "max_features": 0.38221961161776463, "min_samples_leaf": 38.279353133021246, "min_samples_split": 374.46999568644947, "n_estimators": 96.0721451181855}, "datetime": {"datetime": "2023-05-09 09:56:15", "elapsed": 249.495209, "delta": 1.730408}}
{"target": -112.03071261964135, "params": {"max_depth": 98.64700987501021, "max_features": 0.5266650543087563, "min_samples_leaf": 1140.3245310446628, "min_samples_split": 228.21435484048706, "n_estimators": 86.84411655499439}, "datetime": {"datetime": "2023-05-09 09:56:16", "elapsed": 250.898592, "delta": 1.403383}}
{"target": -114.111701065758, "params": {"max_depth": 187.2591990353004, "max_features": 0.8890731330312345, "min_samples_leaf": 373.25467774088906, "min_samples_split": 855.1224248088866, "n_estimators": 91.35960239268809}, "datetime": {"datetime": "2023-05-09 09:56:19", "elapsed": 253.44815, "delta": 2.549558}}
{"target": -114.70121256127507, "params": {"max_depth": 465.4113841114568, "max_features": 0.8521358573618892, "min_samples_leaf": 5.0075760935656985, "min_samples_split": 393.8022027300172, "n_estimators": 73.70485336917773}, "datetime": {"datetime": "2023-05-09 09:56:21", "elapsed": 256.014669, "delta": 2.566519}}
{"target": -104.09182924149432, "params": {"max_depth": 166.88755622050385, "max_features": 0.46761978319323455, "min_samples_leaf": 211.6875428106384, "min_samples_split": 656.7082497184309, "n_estimators": 27.994399037409792}, "datetime": {"datetime": "2023-05-09 09:56:22", "elapsed": 256.929604, "delta": 0.914935}}
{"target": -116.64904219680776, "params": {"max_depth": 449.5585712195659, "max_features": 0.8672044832545304, "min_samples_leaf": 75.40462459121716, "min_samples_split": 400.2267224501362, "n_estimators": 43.903179896226135}, "datetime": {"datetime": "2023-05-09 09:56:24", "elapsed": 258.70252, "delta": 1.772916}}
{"target": -118.93654661424124, "params": {"max_depth": 260.35377748939567, "max_features": 0.9856833119068258, "min_samples_leaf": 542.387294760484, "min_samples_split": 25.31186887328646, "n_estimators": 20.57644451754204}, "datetime": {"datetime": "2023-05-09 09:56:25", "elapsed": 259.780526, "delta": 1.078006}}
{"target": -125.76936250517578, "params": {"max_depth": 290.50366842230807, "max_features": 0.04988407798023416, "min_samples_leaf": 243.32664287806827, "min_samples_split": 308.89449726316354, "n_estimators": 77.78744145730627}, "datetime": {"datetime": "2023-05-09 09:56:26", "elapsed": 260.477718, "delta": 0.697192}}
{"target": -112.5377446851072, "params": {"max_depth": 308.6742578285702, "max_features": 0.8704616254483325, "min_samples_leaf": 314.09482220360053, "min_samples_split": 304.0242459037383, "n_estimators": 95.6726906583348}, "datetime": {"datetime": "2023-05-09 09:56:29", "elapsed": 263.893939, "delta": 3.416221}}
{"target": -116.90433151825108, "params": {"max_depth": 108.48548317798053, "max_features": 0.9241104457451519, "min_samples_leaf": 146.03596554639464, "min_samples_split": 584.9448123159151, "n_estimators": 93.10713343637832}, "datetime": {"datetime": "2023-05-09 09:56:33", "elapsed": 267.393127, "delta": 3.499188}}
{"target": -114.91490947875687, "params": {"max_depth": 375.80494974487686, "max_features": 0.8503286959112789, "min_samples_leaf": 802.1803792271876, "min_samples_split": 615.4029400161205, "n_estimators": 90.03792122669374}, "datetime": {"datetime": "2023-05-09 09:56:35", "elapsed": 270.076621, "delta": 2.683494}}
{"target": -119.63459507503018, "params": {"max_depth": 342.3604815056883, "max_features": 1.0, "min_samples_leaf": 249.77864073427637, "min_samples_split": 339.51659756866746, "n_estimators": 70.57161045842943}, "datetime": {"datetime": "2023-05-09 09:56:38", "elapsed": 273.060114, "delta": 2.983493}}
{"target": -101.97323475466378, "params": {"max_depth": 168.06804474523028, "max_features": 0.4872566660717158, "min_samples_leaf": 128.37726087348028, "min_samples_split": 609.9143092646825, "n_estimators": 78.57772832608336}, "datetime": {"datetime": "2023-05-09 09:56:40", "elapsed": 275.087894, "delta": 2.02778}}
{"target": -120.00997542925259, "params": {"max_depth": 489.8013580679403, "max_features": 0.001, "min_samples_leaf": 63.36655905128313, "min_samples_split": 391.1675996417055, "n_estimators": 92.63944152165377}, "datetime": {"datetime": "2023-05-09 09:56:42", "elapsed": 276.330886, "delta": 1.242992}}
{"target": -111.30787138059873, "params": {"max_depth": 210.40460944598712, "max_features": 0.7506103505990486, "min_samples_leaf": 112.22586289334228, "min_samples_split": 572.7821911650493, "n_estimators": 92.01697809495806}, "datetime": {"datetime": "2023-05-09 09:56:45", "elapsed": 279.614726, "delta": 3.28384}}
{"target": -102.83745909940343, "params": {"max_depth": 173.0722841108484, "max_features": 0.16447383139106844, "min_samples_leaf": 329.13595221196425, "min_samples_split": 883.6214158337317, "n_estimators": 92.46914453100618}, "datetime": {"datetime": "2023-05-09 09:56:46", "elapsed": 280.96326, "delta": 1.348534}}
{"target": -108.70243277975031, "params": {"max_depth": 453.6860879774329, "max_features": 0.7073090127886874, "min_samples_leaf": 38.07749449176572, "min_samples_split": 379.0190819677998, "n_estimators": 86.34053656513461}, "datetime": {"datetime": "2023-05-09 09:56:49", "elapsed": 283.365031, "delta": 2.401771}}
{"target": -111.24864443300757, "params": {"max_depth": 179.4795330592654, "max_features": 0.7721567573243137, "min_samples_leaf": 169.78655056479568, "min_samples_split": 594.8510676197908, "n_estimators": 74.95050570466819}, "datetime": {"datetime": "2023-05-09 09:56:51", "elapsed": 285.93848, "delta": 2.573449}}
{"target": -100.9911344693088, "params": {"max_depth": 142.02102513119496, "max_features": 0.3079162655813065, "min_samples_leaf": 430.80017524831663, "min_samples_split": 860.6899335967179, "n_estimators": 59.811606579585856}, "datetime": {"datetime": "2023-05-09 09:56:52", "elapsed": 287.14065, "delta": 1.20217}}
{"target": -115.2780684894904, "params": {"max_depth": 236.1653968170998, "max_features": 0.8655699999356727, "min_samples_leaf": 380.0330492266251, "min_samples_split": 967.1434431545798, "n_estimators": 53.500569390780164}, "datetime": {"datetime": "2023-05-09 09:56:54", "elapsed": 288.897081, "delta": 1.756431}}
{"target": -99.39914314725115, "params": {"max_depth": 213.30980275501886, "max_features": 0.20897066338691203, "min_samples_leaf": 154.30131295500985, "min_samples_split": 611.622406736149, "n_estimators": 99.78043935742487}, "datetime": {"datetime": "2023-05-09 09:56:56", "elapsed": 290.357232, "delta": 1.460151}}
{"target": -100.47097306198253, "params": {"max_depth": 491.8242114229559, "max_features": 0.35139562888915066, "min_samples_leaf": 22.971064448874685, "min_samples_split": 446.53900015120774, "n_estimators": 81.20078274998356}, "datetime": {"datetime": "2023-05-09 09:56:58", "elapsed": 292.541721, "delta": 2.184489}}
{"target": -100.85531720631175, "params": {"max_depth": 231.10850289896487, "max_features": 0.2453114336088995, "min_samples_leaf": 137.21399524051404, "min_samples_split": 656.0684920364247, "n_estimators": 83.36322749118295}, "datetime": {"datetime": "2023-05-09 09:57:00", "elapsed": 294.512125, "delta": 1.970404}}
{"target": -100.02582487312574, "params": {"max_depth": 368.16852758230306, "max_features": 0.25887984289574406, "min_samples_leaf": 318.9322814647462, "min_samples_split": 281.36362239197246, "n_estimators": 83.48844329594067}, "datetime": {"datetime": "2023-05-09 09:57:01", "elapsed": 295.81485, "delta": 1.302725}}
{"target": -106.75760326881942, "params": {"max_depth": 103.24659491697092, "max_features": 0.3338039335238717, "min_samples_leaf": 1136.6575077046111, "min_samples_split": 232.17321155702444, "n_estimators": 76.45662022538616}, "datetime": {"datetime": "2023-05-09 09:57:02", "elapsed": 296.866754, "delta": 1.051904}}
{"target": -101.94501355107923, "params": {"max_depth": 369.9083818972804, "max_features": 0.3558690351252257, "min_samples_leaf": 335.80244850319446, "min_samples_split": 330.0462252241046, "n_estimators": 91.86323909346}, "datetime": {"datetime": "2023-05-09 09:57:04", "elapsed": 298.558974, "delta": 1.69222}}
{"target": -118.42794000259215, "params": {"max_depth": 274.36097531255797, "max_features": 0.9679675811798584, "min_samples_leaf": 156.01140795098362, "min_samples_split": 673.2046652689927, "n_estimators": 74.96827959236167}, "datetime": {"datetime": "2023-05-09 09:57:07", "elapsed": 301.308921, "delta": 2.749947}}
{"target": -98.75306331369966, "params": {"max_depth": 367.6840076224155, "max_features": 0.34675071651861494, "min_samples_leaf": 294.86003562578486, "min_samples_split": 306.39113285384417, "n_estimators": 99.72992230316352}, "datetime": {"datetime": "2023-05-09 09:57:09", "elapsed": 303.332602, "delta": 2.023681}}
{"target": -120.84765980461142, "params": {"max_depth": 235.20750394641925, "max_features": 0.001, "min_samples_leaf": 139.70145231325617, "min_samples_split": 618.2106645926914, "n_estimators": 75.43594869337632}, "datetime": {"datetime": "2023-05-09 09:57:10", "elapsed": 304.83093, "delta": 1.498328}}
{"target": -115.88548006978101, "params": {"max_depth": 381.4266951158369, "max_features": 0.875128160118727, "min_samples_leaf": 339.6288083795493, "min_samples_split": 324.53951425846736, "n_estimators": 62.251744393078745}, "datetime": {"datetime": "2023-05-09 09:57:13", "elapsed": 308.137463, "delta": 3.306533}}
{"target": -106.2636094488929, "params": {"max_depth": 255.68892150898586, "max_features": 0.5595529370906425, "min_samples_leaf": 415.11794664547875, "min_samples_split": 900.0557351819043, "n_estimators": 44.643189217397456}, "datetime": {"datetime": "2023-05-09 09:57:15", "elapsed": 309.666834, "delta": 1.529371}}
{"target": -103.457278937805, "params": {"max_depth": 367.03310557349886, "max_features": 0.3692579778815974, "min_samples_leaf": 341.9946159499089, "min_samples_split": 300.8179695288472, "n_estimators": 86.32085612299754}, "datetime": {"datetime": "2023-05-09 09:57:17", "elapsed": 312.042916, "delta": 2.376082}}
{"target": -104.62662342409475, "params": {"max_depth": 134.90710770067548, "max_features": 0.1660591753890124, "min_samples_leaf": 417.99676276869127, "min_samples_split": 870.8176412748379, "n_estimators": 91.77072532602183}, "datetime": {"datetime": "2023-05-09 09:57:19", "elapsed": 313.619832, "delta": 1.576916}}
{"target": -134.21198016475574, "params": {"max_depth": 105.95365043764733, "max_features": 0.001, "min_samples_leaf": 420.22112023529843, "min_samples_split": 844.5639007912898, "n_estimators": 67.22512854528131}, "datetime": {"datetime": "2023-05-09 09:57:20", "elapsed": 314.703629, "delta": 1.083797}}
{"target": -114.90829778239676, "params": {"max_depth": 330.55322389754895, "max_features": 0.9005293947605666, "min_samples_leaf": 301.5528491039332, "min_samples_split": 328.95250692491146, "n_estimators": 52.46630859700607}, "datetime": {"datetime": "2023-05-09 09:57:22", "elapsed": 316.664061, "delta": 1.960432}}
{"target": -114.17664266696937, "params": {"max_depth": 140.46980139127245, "max_features": 0.8640261195030383, "min_samples_leaf": 413.90518094200615, "min_samples_split": 872.829064740835, "n_estimators": 82.9663820670257}, "datetime": {"datetime": "2023-05-09 09:57:25", "elapsed": 319.311986, "delta": 2.647925}}
{"target": -101.2476903702643, "params": {"max_depth": 173.58954561436323, "max_features": 0.35239885027044937, "min_samples_leaf": 217.72782154556575, "min_samples_split": 642.5308205359627, "n_estimators": 31.344848529267498}, "datetime": {"datetime": "2023-05-09 09:57:26", "elapsed": 320.386683, "delta": 1.074697}}
{"target": -111.1529298353322, "params": {"max_depth": 239.83261780364947, "max_features": 0.7597362296675236, "min_samples_leaf": 503.3368935886359, "min_samples_split": 69.91450784808686, "n_estimators": 48.599831057049606}, "datetime": {"datetime": "2023-05-09 09:57:27", "elapsed": 322.289068, "delta": 1.902385}}
{"target": -100.97062372918253, "params": {"max_depth": 219.7731248547374, "max_features": 0.2128814849009499, "min_samples_leaf": 136.73629185536473, "min_samples_split": 656.4526754370357, "n_estimators": 82.23192926532035}, "datetime": {"datetime": "2023-05-09 09:57:29", "elapsed": 323.744446, "delta": 1.455378}}
{"target": -118.87289426198356, "params": {"max_depth": 321.9701851556307, "max_features": 0.9874082825291399, "min_samples_leaf": 294.22820875516356, "min_samples_split": 324.2286943210283, "n_estimators": 54.01110499220587}, "datetime": {"datetime": "2023-05-09 09:57:31", "elapsed": 325.806744, "delta": 2.062298}}
{"target": -112.2482706755006, "params": {"max_depth": 171.07657057849215, "max_features": 0.7923626316741672, "min_samples_leaf": 114.69374325801265, "min_samples_split": 640.5661925242906, "n_estimators": 91.83588964231745}, "datetime": {"datetime": "2023-05-09 09:57:34", "elapsed": 328.686328, "delta": 2.879584}}
{"target": -101.81035425995023, "params": {"max_depth": 484.8654016642773, "max_features": 0.17951211004427234, "min_samples_leaf": 30.56674512126293, "min_samples_split": 403.29175184690456, "n_estimators": 61.92246031632931}, "datetime": {"datetime": "2023-05-09 09:57:35", "elapsed": 329.624317, "delta": 0.937989}}
{"target": -123.39765279860694, "params": {"max_depth": 18.609149618295113, "max_features": 0.02619056936958758, "min_samples_leaf": 240.18865523186207, "min_samples_split": 302.9714033593514, "n_estimators": 15.981261541746276}, "datetime": {"datetime": "2023-05-09 09:57:35", "elapsed": 330.249407, "delta": 0.62509}}
{"target": -103.62298790629544, "params": {"max_depth": 241.53443984247588, "max_features": 0.3577333797510815, "min_samples_leaf": 375.3992184428342, "min_samples_split": 968.4937454752668, "n_estimators": 66.25307508293126}, "datetime": {"datetime": "2023-05-09 09:57:37", "elapsed": 331.42185, "delta": 1.172443}}
{"target": -104.55113346547174, "params": {"max_depth": 350.89818273801376, "max_features": 0.5303884768597782, "min_samples_leaf": 319.15266348816664, "min_samples_split": 324.9752804876396, "n_estimators": 95.42869344823892}, "datetime": {"datetime": "2023-05-09 09:57:39", "elapsed": 333.908096, "delta": 2.486246}}
{"target": -104.69552554924644, "params": {"max_depth": 28.64298222553541, "max_features": 0.44601467811705064, "min_samples_leaf": 260.1854051908443, "min_samples_split": 279.4173981206466, "n_estimators": 18.279451435724063}, "datetime": {"datetime": "2023-05-09 09:57:40", "elapsed": 334.853922, "delta": 0.945826}}
{"target": -118.81823730546783, "params": {"max_depth": 289.6855854418063, "max_features": 0.9876532959370634, "min_samples_leaf": 1138.8896607104732, "min_samples_split": 239.62991412194913, "n_estimators": 86.06344367005626}, "datetime": {"datetime": "2023-05-09 09:57:43", "elapsed": 337.767893, "delta": 2.913971}}
{"target": -115.58117289621183, "params": {"max_depth": 453.75235639057126, "max_features": 0.9088028511855786, "min_samples_leaf": 48.352612447328504, "min_samples_split": 418.41518371586864, "n_estimators": 97.72634846772252}, "datetime": {"datetime": "2023-05-09 09:57:46", "elapsed": 341.232738, "delta": 3.464845}}
{"target": -117.85942683429825, "params": {"max_depth": 131.30501098816723, "max_features": 0.8845935590964417, "min_samples_leaf": 1041.7335647313705, "min_samples_split": 21.905518542779017, "n_estimators": 25.836876502725172}, "datetime": {"datetime": "2023-05-09 09:57:47", "elapsed": 342.184853, "delta": 0.952115}}
{"target": -115.40353297270696, "params": {"max_depth": 191.28322901696018, "max_features": 0.5708084437946733, "min_samples_leaf": 1397.2220095154132, "min_samples_split": 68.92914667322898, "n_estimators": 74.09382491382804}, "datetime": {"datetime": "2023-05-09 09:57:49", "elapsed": 343.694399, "delta": 1.509546}}
{"target": -102.02607653578329, "params": {"max_depth": 460.24938789218396, "max_features": 0.14169022583198898, "min_samples_leaf": 41.34083631458492, "min_samples_split": 468.2035458533732, "n_estimators": 70.26048763463754}, "datetime": {"datetime": "2023-05-09 09:57:50", "elapsed": 344.917126, "delta": 1.222727}}
{"target": -119.75115374790725, "params": {"max_depth": 24.960168019984653, "max_features": 0.9691459999181223, "min_samples_leaf": 231.73083079279368, "min_samples_split": 267.9111819335915, "n_estimators": 16.608925364873116}, "datetime": {"datetime": "2023-05-09 09:57:51", "elapsed": 345.874981, "delta": 0.957855}}
{"target": -114.8672863746356, "params": {"max_depth": 479.6262528493176, "max_features": 0.8418464105958725, "min_samples_leaf": 35.53330168762624, "min_samples_split": 440.88220986373824, "n_estimators": 50.4757486412861}, "datetime": {"datetime": "2023-05-09 09:57:53", "elapsed": 347.874494, "delta": 1.999513}}
{"target": -143.21260889905207, "params": {"max_depth": 42.309339820795365, "max_features": 1.0, "min_samples_leaf": 247.93878676218247, "min_samples_split": 291.8175803175246, "n_estimators": 1.0}, "datetime": {"datetime": "2023-05-09 09:57:54", "elapsed": 348.631378, "delta": 0.756884}}
{"target": -104.93233674435623, "params": {"max_depth": 166.44484645394525, "max_features": 0.5346416863696176, "min_samples_leaf": 212.66116245351816, "min_samples_split": 638.9026583806411, "n_estimators": 34.274527148020454}, "datetime": {"datetime": "2023-05-09 09:57:55", "elapsed": 349.784689, "delta": 1.153311}}
{"target": -115.66888917664197, "params": {"max_depth": 451.8342218654201, "max_features": 0.8967326085811419, "min_samples_leaf": 21.33232604043346, "min_samples_split": 428.9320357577556, "n_estimators": 85.99584064211719}, "datetime": {"datetime": "2023-05-09 09:57:58", "elapsed": 352.998465, "delta": 3.213776}}
{"target": -119.08177726532793, "params": {"max_depth": 162.6317573354027, "max_features": 1.0, "min_samples_leaf": 137.41378858833448, "min_samples_split": 718.0582792929911, "n_estimators": 69.97068124170258}, "datetime": {"datetime": "2023-05-09 09:58:02", "elapsed": 356.318282, "delta": 3.319817}}
{"target": -120.73014185012728, "params": {"max_depth": 188.30428427800427, "max_features": 0.001, "min_samples_leaf": 140.51918350036678, "min_samples_split": 602.9260527836751, "n_estimators": 98.40593405554065}, "datetime": {"datetime": "2023-05-09 09:58:03", "elapsed": 357.432134, "delta": 1.113852}}
{"target": -118.27510231563133, "params": {"max_depth": 376.86378212816544, "max_features": 0.9571379084480133, "min_samples_leaf": 301.32223717370994, "min_samples_split": 297.30343446098016, "n_estimators": 75.71113702119662}, "datetime": {"datetime": "2023-05-09 09:58:06", "elapsed": 360.686429, "delta": 3.254295}}
{"target": -100.99654711028808, "params": {"max_depth": 346.4690109618477, "max_features": 0.31135728263500523, "min_samples_leaf": 310.1534052590362, "min_samples_split": 304.46607472100106, "n_estimators": 74.82852154544359}, "datetime": {"datetime": "2023-05-09 09:58:08", "elapsed": 362.80348, "delta": 2.117051}}
{"target": -114.09442803660231, "params": {"max_depth": 190.0405112102127, "max_features": 0.5112287361613788, "min_samples_leaf": 1396.8348216635234, "min_samples_split": 77.46326770779241, "n_estimators": 75.72854600105065}, "datetime": {"datetime": "2023-05-09 09:58:09", "elapsed": 364.270143, "delta": 1.466663}}
{"target": -106.29663118656879, "params": {"max_depth": 131.55663818659016, "max_features": 0.5618877679824368, "min_samples_leaf": 443.3128825622027, "min_samples_split": 884.0601697189295, "n_estimators": 69.03389619170899}, "datetime": {"datetime": "2023-05-09 09:58:11", "elapsed": 366.100417, "delta": 1.830274}}
{"target": -109.93578733064699, "params": {"max_depth": 94.61958938886515, "max_features": 0.42630127833336295, "min_samples_leaf": 1133.576422091025, "min_samples_split": 223.3736224864369, "n_estimators": 88.30386645044747}, "datetime": {"datetime": "2023-05-09 09:58:14", "elapsed": 368.530273, "delta": 2.429856}}
{"target": -127.25969555080131, "params": {"max_depth": 157.76110213550695, "max_features": 0.05050559183134998, "min_samples_leaf": 201.5154892694673, "min_samples_split": 651.3807800513567, "n_estimators": 30.862090432597533}, "datetime": {"datetime": "2023-05-09 09:58:14", "elapsed": 369.192068, "delta": 0.661795}}
{"target": -101.51022260608534, "params": {"max_depth": 366.40323203447946, "max_features": 0.2939415758815755, "min_samples_leaf": 313.5246833372334, "min_samples_split": 281.36667534675956, "n_estimators": 84.53697809008943}, "datetime": {"datetime": "2023-05-09 09:58:16", "elapsed": 370.492036, "delta": 1.299968}}
{"target": -109.75134553321746, "params": {"max_depth": 183.254919908389, "max_features": 0.41990978484279046, "min_samples_leaf": 222.12253298798214, "min_samples_split": 638.6249505073218, "n_estimators": 3.74381931461347}, "datetime": {"datetime": "2023-05-09 09:58:16", "elapsed": 371.156807, "delta": 0.664771}}
{"target": -111.08455413736868, "params": {"max_depth": 157.74993056997022, "max_features": 0.10735003143226474, "min_samples_leaf": 444.0249163059318, "min_samples_split": 841.9270051331691, "n_estimators": 58.33395742673446}, "datetime": {"datetime": "2023-05-09 09:58:17", "elapsed": 372.108864, "delta": 0.952057}}
