{"target": -109.45917145153088, "params": {"max_depth": 250.32335575822282, "max_features": 0.7182392999932167, "min_samples_leaf": 421.72549837679276, "min_samples_split": 900.5771534882022, "n_estimators": 38.38276574044798}, "datetime": {"datetime": "2023-05-09 09:54:02", "elapsed": 116.666635, "delta": 2.084747}}
{"target": -115.19631887746772, "params": {"max_depth": 202.96589021862965, "max_features": 0.8058802454874029, "min_samples_leaf": 1154.6227620094353, "min_samples_split": 893.1813368392935, "n_estimators": 70.11546760961285}, "datetime": {"datetime": "2023-05-09 09:54:04", "elapsed": 118.96877, "delta": 2.302135}}
{"target": -100.86154615276934, "params": {"max_depth": 180.41140305657757, "max_features": 0.28470495003335017, "min_samples_leaf": 367.8580203671326, "min_samples_split": 863.5092810110416, "n_estimators": 92.80085388677026}, "datetime": {"datetime": "2023-05-09 09:54:07", "elapsed": 121.380124, "delta": 2.411354}}
{"target": -125.80710936578122, "params": {"max_depth": 254.9048194723679, "max_features": 0.001, "min_samples_leaf": 325.4826856668698, "min_samples_split": 893.9596479797917, "n_estimators": 100.0}, "datetime": {"datetime": "2023-05-09 09:54:10", "elapsed": 124.425835, "delta": 3.045711}}
{"target": -106.06970130110962, "params": {"max_depth": 138.0366407827263, "max_features": 0.5760886344390896, "min_samples_leaf": 421.6633956542914, "min_samples_split": 905.7733340860373, "n_estimators": 60.02581932875899}, "datetime": {"datetime": "2023-05-09 09:54:13", "elapsed": 127.741241, "delta": 3.315406}}
{"target": -106.2847790495689, "params": {"max_depth": 112.95362013297483, "max_features": 0.5891326917827919, "min_samples_leaf": 337.733327493802, "min_samples_split": 923.2100413647227, "n_estimators": 84.60864654494962}, "datetime": {"datetime": "2023-05-09 09:54:17", "elapsed": 131.473392, "delta": 3.732151}}
{"target": -157.12885412791778, "params": {"max_depth": 166.8997094913208, "max_features": 0.001, "min_samples_leaf": 351.9267097643902, "min_samples_split": 887.6667888571461, "n_estimators": 4.817401400674863}, "datetime": {"datetime": "2023-05-09 09:54:18", "elapsed": 132.896357, "delta": 1.422965}}
{"target": -118.18433755889427, "params": {"max_depth": 199.06830586356432, "max_features": 1.0, "min_samples_leaf": 444.4646438145774, "min_samples_split": 925.1860521609967, "n_estimators": 100.0}, "datetime": {"datetime": "2023-05-09 09:54:24", "elapsed": 138.366847, "delta": 5.47049}}
{"target": -104.14276672486216, "params": {"max_depth": 79.21460575364584, "max_features": 0.46639819209427813, "min_samples_leaf": 398.2154222743315, "min_samples_split": 830.1101296461472, "n_estimators": 91.38525700009755}, "datetime": {"datetime": "2023-05-09 09:54:26", "elapsed": 140.964691, "delta": 2.597844}}
{"target": -118.1793064054238, "params": {"max_depth": 160.25468089097365, "max_features": 1.0, "min_samples_leaf": 430.07788033050906, "min_samples_split": 811.2457251719594, "n_estimators": 100.0}, "datetime": {"datetime": "2023-05-09 09:54:30", "elapsed": 145.080013, "delta": 4.115322}}
{"target": -120.32936650712264, "params": {"max_depth": 331.15441302529035, "max_features": 0.001, "min_samples_leaf": 295.48474895708796, "min_samples_split": 369.549846583931, "n_estimators": 90.07321091839485}, "datetime": {"datetime": "2023-05-09 09:54:31", "elapsed": 146.228384, "delta": 1.148371}}
{"target": -130.67827778056707, "params": {"max_depth": 60.01865882600767, "max_features": 0.001, "min_samples_leaf": 411.9011914084043, "min_samples_split": 917.0386106370793, "n_estimators": 100.0}, "datetime": {"datetime": "2023-05-09 09:54:33", "elapsed": 147.559173, "delta": 1.330789}}
{"target": -185.00465590742, "params": {"max_depth": 230.3367330198114, "max_features": 0.1712642184728058, "min_samples_leaf": 453.1318075049311, "min_samples_split": 125.70577959600205, "n_estimators": 1.0}, "datetime": {"datetime": "2023-05-09 09:54:34", "elapsed": 148.407043, "delta": 0.84787}}
{"target": -118.01185380601584, "params": {"max_depth": 138.57663762579847, "max_features": 1.0, "min_samples_leaf": 388.9815177532778, "min_samples_split": 131.67558858014914, "n_estimators": 100.0}, "datetime": {"datetime": "2023-05-09 09:54:37", "elapsed": 152.095113, "delta": 3.68807}}
{"target": -115.78404196437519, "params": {"max_depth": 129.6910054366298, "max_features": 0.698379905665685, "min_samples_leaf": 131.28099853893568, "min_samples_split": 654.58859041415, "n_estimators": 4.756371860095417}, "datetime": {"datetime": "2023-05-09 09:54:38", "elapsed": 153.010014, "delta": 0.914901}}
{"target": -115.19027305515026, "params": {"max_depth": 117.14329780166499, "max_features": 1.0, "min_samples_leaf": 331.0708197721158, "min_samples_split": 833.8699947436202, "n_estimators": 100.0}, "datetime": {"datetime": "2023-05-09 09:54:42", "elapsed": 156.701529, "delta": 3.691515}}
{"target": -105.07365768539951, "params": {"max_depth": 226.7096294459807, "max_features": 0.43756106240748965, "min_samples_leaf": 921.3040676601821, "min_samples_split": 284.1625414898855, "n_estimators": 56.05665166408584}, "datetime": {"datetime": "2023-05-09 09:54:43", "elapsed": 157.680898, "delta": 0.979369}}
{"target": -117.06871964022501, "params": {"max_depth": 173.30302917138647, "max_features": 0.9736683597634904, "min_samples_leaf": 368.06014159928986, "min_samples_split": 848.8563878983501, "n_estimators": 89.1362554647032}, "datetime": {"datetime": "2023-05-09 09:54:46", "elapsed": 160.337611, "delta": 2.656713}}
{"target": -105.47250379292986, "params": {"max_depth": 210.89777476300756, "max_features": 0.3305604878483594, "min_samples_leaf": 527.1735936767673, "min_samples_split": 45.0832234671997, "n_estimators": 96.63594620458693}, "datetime": {"datetime": "2023-05-09 09:54:47", "elapsed": 162.142734, "delta": 1.805123}}
{"target": -125.12301640998065, "params": {"max_depth": 492.7999434188826, "max_features": 0.6365002501519258, "min_samples_leaf": 1947.352785949324, "min_samples_split": 596.4151628509612, "n_estimators": 73.35883306686884}, "datetime": {"datetime": "2023-05-09 09:54:49", "elapsed": 163.521282, "delta": 1.378548}}
{"target": -130.7921216719986, "params": {"max_depth": 162.52422970574835, "max_features": 0.001, "min_samples_leaf": 374.47798076896566, "min_samples_split": 911.6954066504563, "n_estimators": 100.0}, "datetime": {"datetime": "2023-05-09 09:54:51", "elapsed": 165.322064, "delta": 1.800782}}
{"target": -105.28386266817331, "params": {"max_depth": 238.0713421294036, "max_features": 0.48152912182207697, "min_samples_leaf": 394.04228675447155, "min_samples_split": 974.4833677092303, "n_estimators": 54.42478597368995}, "datetime": {"datetime": "2023-05-09 09:54:52", "elapsed": 166.785162, "delta": 1.463098}}
{"target": -119.4372054641383, "params": {"max_depth": 144.4898683736929, "max_features": 1.0, "min_samples_leaf": 178.8972498155344, "min_samples_split": 637.2560163900515, "n_estimators": 74.99148548346143}, "datetime": {"datetime": "2023-05-09 09:54:55", "elapsed": 169.567449, "delta": 2.782287}}
{"target": -128.6181188328845, "params": {"max_depth": 182.18910564040314, "max_features": 0.001, "min_samples_leaf": 176.3585078936145, "min_samples_split": 706.2999302543572, "n_estimators": 18.851497692137038}, "datetime": {"datetime": "2023-05-09 09:54:56", "elapsed": 170.301823, "delta": 0.734374}}
{"target": -125.03289676365466, "params": {"max_depth": 316.6618988162457, "max_features": 0.9569179622106869, "min_samples_leaf": 1876.980877512887, "min_samples_split": 529.7296455906021, "n_estimators": 44.35787021748803}, "datetime": {"datetime": "2023-05-09 09:54:57", "elapsed": 171.32299, "delta": 1.021167}}
{"target": -125.97300471253791, "params": {"max_depth": 138.87431778869447, "max_features": 0.014033170407530018, "min_samples_leaf": 386.1220271495823, "min_samples_split": 131.5917026530703, "n_estimators": 91.37742061761644}, "datetime": {"datetime": "2023-05-09 09:54:57", "elapsed": 172.010487, "delta": 0.687497}}
{"target": -126.09144477616134, "params": {"max_depth": 108.90905070077218, "max_features": 0.001, "min_samples_leaf": 115.37672922390517, "min_samples_split": 684.5545375158569, "n_estimators": 75.4168720169484}, "datetime": {"datetime": "2023-05-09 09:54:58", "elapsed": 172.973768, "delta": 0.963281}}
{"target": -117.8336197728373, "params": {"max_depth": 198.77546513845706, "max_features": 1.0, "min_samples_leaf": 356.2316161484648, "min_samples_split": 995.6526515553038, "n_estimators": 68.8781305509254}, "datetime": {"datetime": "2023-05-09 09:55:01", "elapsed": 175.364767, "delta": 2.390999}}
{"target": -113.16698290567801, "params": {"max_depth": 201.29232507496894, "max_features": 0.12497809655156095, "min_samples_leaf": 361.1671686402968, "min_samples_split": 979.6798351215999, "n_estimators": 64.44913992877566}, "datetime": {"datetime": "2023-05-09 09:55:02", "elapsed": 176.428168, "delta": 1.063401}}
{"target": -125.82673826020833, "params": {"max_depth": 124.56944126375969, "max_features": 0.8618953810759955, "min_samples_leaf": 133.6294781177837, "min_samples_split": 659.5015606809537, "n_estimators": 2.0278036707042695}, "datetime": {"datetime": "2023-05-09 09:55:02", "elapsed": 176.871745, "delta": 0.443577}}
{"target": -108.90150688976405, "params": {"max_depth": 146.10482508514258, "max_features": 0.6817249787374928, "min_samples_leaf": 77.1217821224129, "min_samples_split": 654.1138751592725, "n_estimators": 22.870884492285928}, "datetime": {"datetime": "2023-05-09 09:55:04", "elapsed": 178.399497, "delta": 1.527752}}
{"target": -109.53178735351574, "params": {"max_depth": 86.00045969795238, "max_features": 0.38058308632270293, "min_samples_leaf": 1145.1158988270752, "min_samples_split": 231.5620477381617, "n_estimators": 88.31387887469286}, "datetime": {"datetime": "2023-05-09 09:55:05", "elapsed": 180.103723, "delta": 1.704226}}
{"target": -115.05401357286203, "params": {"max_depth": 195.07643378207877, "max_features": 0.8388799463494631, "min_samples_leaf": 145.10455105324067, "min_samples_split": 640.3210566061309, "n_estimators": 41.854245702871616}, "datetime": {"datetime": "2023-05-09 09:55:08", "elapsed": 182.769306, "delta": 2.665583}}
{"target": -101.16709711298334, "params": {"max_depth": 498.39817968655507, "max_features": 0.45003381300682355, "min_samples_leaf": 28.71837259429877, "min_samples_split": 407.894032998353, "n_estimators": 81.30811315834542}, "datetime": {"datetime": "2023-05-09 09:55:10", "elapsed": 184.518285, "delta": 1.748979}}
{"target": -112.688637737677, "params": {"max_depth": 466.33078641536525, "max_features": 0.1335030169593661, "min_samples_leaf": 445.049220723267, "min_samples_split": 948.1602361945123, "n_estimators": 70.86754866868037}, "datetime": {"datetime": "2023-05-09 09:55:11", "elapsed": 185.301342, "delta": 0.783057}}
{"target": -120.48644545288964, "params": {"max_depth": 144.7042348531068, "max_features": 0.9310551268401657, "min_samples_leaf": 113.89464465622386, "min_samples_split": 613.9795184048567, "n_estimators": 22.121812236633964}, "datetime": {"datetime": "2023-05-09 09:55:12", "elapsed": 186.492159, "delta": 1.190817}}
{"target": -104.63211469469576, "params": {"max_depth": 244.16377301021018, "max_features": 0.20051203698376835, "min_samples_leaf": 520.0100530561466, "min_samples_split": 14.519429744917895, "n_estimators": 63.17043808354838}, "datetime": {"datetime": "2023-05-09 09:55:13", "elapsed": 187.670197, "delta": 1.178038}}
{"target": -111.1733123456407, "params": {"max_depth": 279.56891197384414, "max_features": 0.5371176884074181, "min_samples_leaf": 1207.9835869968013, "min_samples_split": 551.5235832739404, "n_estimators": 40.31398196965992}, "datetime": {"datetime": "2023-05-09 09:55:14", "elapsed": 188.414765, "delta": 0.744568}}
{"target": -116.89908313910091, "params": {"max_depth": 240.66317362003656, "max_features": 0.9927342280232764, "min_samples_leaf": 388.1435019093547, "min_samples_split": 880.8742943012262, "n_estimators": 91.29063618117658}, "datetime": {"datetime": "2023-05-09 09:55:17", "elapsed": 191.603011, "delta": 3.188246}}
{"target": -101.29356500687041, "params": {"max_depth": 496.7332884775524, "max_features": 0.4436861558419511, "min_samples_leaf": 31.526944065621826, "min_samples_split": 409.1033186576886, "n_estimators": 71.93652725614004}, "datetime": {"datetime": "2023-05-09 09:55:18", "elapsed": 193.211321, "delta": 1.60831}}
{"target": -120.99142430942305, "params": {"max_depth": 72.55994634482666, "max_features": 0.001, "min_samples_leaf": 198.389003860894, "min_samples_split": 592.0729314953311, "n_estimators": 73.15968768868777}, "datetime": {"datetime": "2023-05-09 09:55:20", "elapsed": 194.348127, "delta": 1.136806}}
{"target": -131.07089559196714, "params": {"max_depth": 122.33496130446302, "max_features": 0.001, "min_samples_leaf": 246.08342891792984, "min_samples_split": 661.5308210880221, "n_estimators": 27.855662061206253}, "datetime": {"datetime": "2023-05-09 09:55:20", "elapsed": 194.872468, "delta": 0.524341}}
{"target": -109.07135260380711, "params": {"max_depth": 249.655866877197, "max_features": 0.6085248720280725, "min_samples_leaf": 394.46612186498476, "min_samples_split": 966.6033246849368, "n_estimators": 52.638281944002266}, "datetime": {"datetime": "2023-05-09 09:55:21", "elapsed": 195.989462, "delta": 1.116994}}
{"target": -111.59065422390898, "params": {"max_depth": 253.69874188419507, "max_features": 0.7435827367528167, "min_samples_leaf": 561.6566406908347, "min_samples_split": 55.33709948098946, "n_estimators": 70.03769448026645}, "datetime": {"datetime": "2023-05-09 09:55:24", "elapsed": 199.176812, "delta": 3.18735}}
{"target": -101.9446536692489, "params": {"max_depth": 127.57778238186908, "max_features": 0.4663638691188144, "min_samples_leaf": 185.67381106394518, "min_samples_split": 578.4512981263132, "n_estimators": 94.91312179998505}, "datetime": {"datetime": "2023-05-09 09:55:27", "elapsed": 201.707637, "delta": 2.530825}}
{"target": -108.90848722624857, "params": {"max_depth": 233.38810137366656, "max_features": 0.6963654156785776, "min_samples_leaf": 383.787303835715, "min_samples_split": 968.1317496770332, "n_estimators": 55.07207609101996}, "datetime": {"datetime": "2023-05-09 09:55:28", "elapsed": 203.124517, "delta": 1.41688}}
{"target": -125.97196941685249, "params": {"max_depth": 188.06254673075745, "max_features": 0.001, "min_samples_leaf": 87.82393933137317, "min_samples_split": 685.8374259166112, "n_estimators": 74.0185440260037}, "datetime": {"datetime": "2023-05-09 09:55:30", "elapsed": 204.553998, "delta": 1.429481}}
{"target": -109.84374097993228, "params": {"max_depth": 229.81981869018432, "max_features": 0.7323899602345019, "min_samples_leaf": 395.97076885781036, "min_samples_split": 969.8435636402556, "n_estimators": 65.70517023702187}, "datetime": {"datetime": "2023-05-09 09:55:31", "elapsed": 206.248923, "delta": 1.694925}}
{"target": -107.27224123143732, "params": {"max_depth": 452.9773872805577, "max_features": 0.6140687710448552, "min_samples_leaf": 42.787250961223876, "min_samples_split": 420.81477241543854, "n_estimators": 97.06009346664851}, "datetime": {"datetime": "2023-05-09 09:55:35", "elapsed": 210.210524, "delta": 3.961601}}
{"target": -117.40041663869434, "params": {"max_depth": 213.50345918635642, "max_features": 0.994154203438475, "min_samples_leaf": 524.052166256874, "min_samples_split": 56.70420263316215, "n_estimators": 95.92705694836656}, "datetime": {"datetime": "2023-05-09 09:55:39", "elapsed": 213.335517, "delta": 3.124993}}
{"target": -119.5368604547974, "params": {"max_depth": 79.76460935530433, "max_features": 0.9720661332722987, "min_samples_leaf": 1160.2000440649133, "min_samples_split": 230.2235514401968, "n_estimators": 95.49960328028043}, "datetime": {"datetime": "2023-05-09 09:55:42", "elapsed": 216.644925, "delta": 3.309408}}
{"target": -143.70119125830658, "params": {"max_depth": 132.57769813540048, "max_features": 0.001, "min_samples_leaf": 1138.0404369484625, "min_samples_split": 260.09256363376824, "n_estimators": 84.58783390767253}, "datetime": {"datetime": "2023-05-09 09:55:43", "elapsed": 217.873264, "delta": 1.228339}}
{"target": -119.84268370900512, "params": {"max_depth": 449.95372358647387, "max_features": 0.0938683469668527, "min_samples_leaf": 865.5233411614716, "min_samples_split": 893.2902548120707, "n_estimators": 85.82132814240387}, "datetime": {"datetime": "2023-05-09 09:55:44", "elapsed": 218.600372, "delta": 0.727108}}
{"target": -124.1470820321087, "params": {"max_depth": 441.03539702953765, "max_features": 1.0, "min_samples_leaf": 903.9335601926236, "min_samples_split": 886.703221863403, "n_estimators": 57.393604450072885}, "datetime": {"datetime": "2023-05-09 09:55:46", "elapsed": 220.890762, "delta": 2.29039}}
{"target": -109.23888443508619, "params": {"max_depth": 180.08458369018084, "max_features": 0.6090922854808251, "min_samples_leaf": 553.4775279583587, "min_samples_split": 4.905681897149974, "n_estimators": 70.63014338214018}, "datetime": {"datetime": "2023-05-09 09:55:48", "elapsed": 223.03129, "delta": 2.140528}}
{"target": -114.3988727734585, "params": {"max_depth": 220.4284569586777, "max_features": 0.8978145918433089, "min_samples_leaf": 556.2261225895161, "min_samples_split": 27.72604339957644, "n_estimators": 95.39561861549274}, "datetime": {"datetime": "2023-05-09 09:55:52", "elapsed": 226.768422, "delta": 3.737132}}
{"target": -115.83658413568344, "params": {"max_depth": 309.39925307862154, "max_features": 0.7767883900405352, "min_samples_leaf": 251.95723140216424, "min_samples_split": 285.8546682661425, "n_estimators": 12.879930853932013}, "datetime": {"datetime": "2023-05-09 09:55:53", "elapsed": 227.990324, "delta": 1.221902}}
{"target": -102.37427244376833, "params": {"max_depth": 144.48389982002752, "max_features": 0.418114330023134, "min_samples_leaf": 421.03136535486595, "min_samples_split": 905.380015678794, "n_estimators": 62.3490952219476}, "datetime": {"datetime": "2023-05-09 09:55:54", "elapsed": 229.191954, "delta": 1.20163}}
{"target": -116.24362914526284, "params": {"max_depth": 280.40863954054197, "max_features": 0.15319761549212835, "min_samples_leaf": 1204.2666569063317, "min_samples_split": 556.4376343345506, "n_estimators": 47.05730730996698}, "datetime": {"datetime": "2023-05-09 09:55:55", "elapsed": 229.773591, "delta": 0.581637}}
{"target": -111.488779886071, "params": {"max_depth": 290.6661926084076, "max_features": 0.6143602465646522, "min_samples_leaf": 1140.506298955638, "min_samples_split": 230.730663202813, "n_estimators": 86.29343760880317}, "datetime": {"datetime": "2023-05-09 09:55:57", "elapsed": 231.555507, "delta": 1.781916}}
{"target": -98.89431680075045, "params": {"max_depth": 342.25245880905607, "max_features": 0.3440207240002602, "min_samples_leaf": 278.95862691380194, "min_samples_split": 309.47461013724717, "n_estimators": 74.7065140226367}, "datetime": {"datetime": "2023-05-09 09:55:58", "elapsed": 233.13131, "delta": 1.575803}}
{"target": -134.69070624507486, "params": {"max_depth": 200.57107730955553, "max_features": 0.001, "min_samples_leaf": 505.39758865473607, "min_samples_split": 9.399342664641217, "n_estimators": 88.9580443879213}, "datetime": {"datetime": "2023-05-09 09:56:00", "elapsed": 234.7816, "delta": 1.65029}}
{"target": -115.09730315804237, "params": {"max_depth": 214.127030474545, "max_features": 0.12606488523907336, "min_samples_leaf": 362.31388764464026, "min_samples_split": 976.7255848822763, "n_estimators": 62.610496337775835}, "datetime": {"datetime": "2023-05-09 09:56:01", "elapsed": 235.513062, "delta": 0.731462}}
{"target": -114.85861710166252, "params": {"max_depth": 329.25634790975005, "max_features": 0.9011326489513326, "min_samples_leaf": 306.14986149752815, "min_samples_split": 326.35169954711006, "n_estimators": 51.82713432829075}, "datetime": {"datetime": "2023-05-09 09:56:02", "elapsed": 237.231981, "delta": 1.718919}}
{"target": -103.99284758522498, "params": {"max_depth": 199.05781238019648, "max_features": 0.346845435470581, "min_samples_leaf": 371.43227618368985, "min_samples_split": 972.1296090238696, "n_estimators": 65.7954294000996}, "datetime": {"datetime": "2023-05-09 09:56:04", "elapsed": 238.32312, "delta": 1.091139}}
{"target": -122.10139580018726, "params": {"max_depth": 348.18378514751817, "max_features": 0.001, "min_samples_leaf": 267.2896382792384, "min_samples_split": 277.01732008502563, "n_estimators": 54.63713754194167}, "datetime": {"datetime": "2023-05-09 09:56:05", "elapsed": 239.327885, "delta": 1.004765}}
{"target": -132.337400031085, "params": {"max_depth": 179.17459541881294, "max_features": 0.001, "min_samples_leaf": 406.7201175124112, "min_samples_split": 949.2184419960403, "n_estimators": 50.15200045919382}, "datetime": {"datetime": "2023-05-09 09:56:05", "elapsed": 239.978905, "delta": 0.65102}}
{"target": -126.0526620613763, "params": {"max_depth": 210.11246617940722, "max_features": 0.001, "min_samples_leaf": 211.53935532450765, "min_samples_split": 645.5727499954298, "n_estimators": 48.329415032570296}, "datetime": {"datetime": "2023-05-09 09:56:06", "elapsed": 240.812942, "delta": 0.834037}}
{"target": -109.84746014512471, "params": {"max_depth": 168.58197662003596, "max_features": 0.595521288954782, "min_samples_leaf": 213.67178999594404, "min_samples_split": 645.3982158251491, "n_estimators": 34.25769331459807}, "datetime": {"datetime": "2023-05-09 09:56:07", "elapsed": 241.716152, "delta": 0.90321}}
{"target": -110.60157401266693, "params": {"max_depth": 379.622072114097, "max_features": 0.7636261500220853, "min_samples_leaf": 273.31535169601585, "min_samples_split": 320.3964236522305, "n_estimators": 62.819266044517626}, "datetime": {"datetime": "2023-05-09 09:56:09", "elapsed": 243.80398, "delta": 2.087828}}
